#
# A fatal error has been detected by the Java Runtime Environment:
#
#  EXCEPTION_ACCESS_VIOLATION (0xc0000005) at pc=0x00007ffe75ea1a86, pid=11060, tid=13272
#
# JRE version: Java(TM) SE Runtime Environment (8.0_05-b13) (build 1.8.0_05-b13)
# Java VM: Java HotSpot(TM) 64-Bit Server VM (25.5-b02 mixed mode windows-amd64 compressed oops)
# Problematic frame:
# C  [tcl_jni_bridge.dll+0x1a86]
#
# Failed to write core dump. Minidumps are not enabled by default on client versions of Windows
#
# If you would like to submit a bug report, please visit:
#   http://bugreport.sun.com/bugreport/crash.jsp
# The crash happened outside the Java Virtual Machine in native code.
# See problematic frame for where to report the bug.
#

---------------  T H R E A D  ---------------

Current thread (0x000000bc2d8d9800):  JavaThread "Tcl Event Queue (id 1: /127.0.0.1.60923)" [_thread_in_native, id=13272, stack(0x000000bc2ef80000,0x000000bc2f080000)]

siginfo: ExceptionCode=0xc0000005, writing address 0x0000000014ebd8a0

Registers:
RAX=0x0000000014ebd8a0, RBX=0x0000000014ebd8a0, RCX=0x000000bc2d8d99e0, RDX=0x000000bc2f07ee20
RSP=0x000000bc2f07ed30, RBP=0x0000000000000002, RSI=0x000000bc2f07ee20, RDI=0x000000bc2d8d99e0
R8 =0x0000000000000042, R9 =0x00000000d62eca00, R10=0x000000000000002c, R11=0x0000000076759230
R12=0x0000000000000000, R13=0x000000bc31b96d80, R14=0x000000bc2f07ee18, R15=0x000000bc2d8d9800
RIP=0x00007ffe75ea1a86, EFLAGS=0x0000000000010206

Top of Stack: (sp=0x000000bc2f07ed30)
0x000000bc2f07ed30:   000000bc25887000 000000bc168e610f
0x000000bc2f07ed40:   000000bc2ff6d100 000000bc2d8d9800
0x000000bc2f07ed50:   000000bc2f07ee20 000000bc25887000
0x000000bc2f07ed60:   00000000006b1765 000000bc168e6295
0x000000bc2f07ed70:   000000bc25887000 000000bc31b96d80
0x000000bc2f07ed80:   000000bc2f07edf0 000000bc31b96d80
0x000000bc2f07ed90:   00000000006b1765 000000bc2d8d9800
0x000000bc2f07eda0:   000000bc2f07eec8 000000bc168e5f7c
0x000000bc2f07edb0:   000000bc2f07edb0 000000bc31b96d80
0x000000bc2f07edc0:   000000bc2f07ee20 000000bc31b98720
0x000000bc2f07edd0:   0000000000000000 000000bc31b96d80
0x000000bc2f07ede0:   0000000000000000 000000bc2f07ee10
0x000000bc2f07edf0:   000000bc2f07ee78 000000bc168d7380
0x000000bc2f07ee00:   0000000000000000 000000bc168df998
0x000000bc2f07ee10:   0000000000000002 00000000d5fd2450
0x000000bc2f07ee20:   00000000d62eca00 0000000000000001 

Instructions: (pc=0x00007ffe75ea1a86)
0x00007ffe75ea1a66:   8b f0 4c 8b 05 79 46 00 00 41 8b e9 48 8b f2 48
0x00007ffe75ea1a76:   8b f9 ff 90 28 03 00 00 48 8b d8 48 85 c0 74 09
0x00007ffe75ea1a86:   48 89 38 48 89 70 08 eb 08 48 8b cf e8 39 05 00
0x00007ffe75ea1a96:   00 48 8b 07 48 8b d6 48 8b cf ff 90 f8 00 00 00 


Register to memory mapping:

RAX=0x0000000014ebd8a0 is an unknown value
RBX=0x0000000014ebd8a0 is an unknown value
RCX=0x000000bc2d8d99e0 is an unknown value
RDX=0x000000bc2f07ee20 is pointing into the stack for thread: 0x000000bc2d8d9800
RSP=0x000000bc2f07ed30 is pointing into the stack for thread: 0x000000bc2d8d9800
RBP=0x0000000000000002 is an unknown value
RSI=0x000000bc2f07ee20 is pointing into the stack for thread: 0x000000bc2d8d9800
RDI=0x000000bc2d8d99e0 is an unknown value
R8 =0x0000000000000042 is an unknown value
R9 =0x00000000d62eca00 is an oop
com.altera.tcl.interpreter.NativeTclWrapper 
 - klass: 'com/altera/tcl/interpreter/NativeTclWrapper'
R10=0x000000000000002c is an unknown value
R11=0x0000000076759230 is an unknown value
R12=0x0000000000000000 is an unknown value
R13=0x000000bc31b96d80 is an unknown value
R14=0x000000bc2f07ee18 is pointing into the stack for thread: 0x000000bc2d8d9800
R15=0x000000bc2d8d9800 is a thread


Stack: [0x000000bc2ef80000,0x000000bc2f080000],  sp=0x000000bc2f07ed30,  free space=1019k
Native frames: (J=compiled Java code, j=interpreted, Vv=VM code, C=native code)
C  [tcl_jni_bridge.dll+0x1a86]
C  0x000000bc168e6295

Java frames: (J=compiled Java code, j=interpreted, Vv=VM code)
j  com.altera.tcl.interpreter.NativeTclWrapper.setupTclOutputChannel0(Ljava/lang/String;I)V+0
j  com.altera.tcl.interpreter.NativeTclWrapper.<init>(Lcom/altera/tcl/interpreter/NativeTCLInterpreter;)V+134
j  com.altera.tcl.interpreter.NativeTCLInterpreter.sanityCheck()V+18
j  com.altera.tcl.interpreter.NativeTCLInterpreter.setScalarVariable(Ljava/lang/String;Ljava/lang/String;)Z+1
j  com.altera.tcl.interpreter.InterpreterInstantiator.createTclInterpreter(Ljava/util/List;Z)V+58
j  com.altera.tcl.interpreter.InterpreterInstantiator.access$000(Lcom/altera/tcl/interpreter/InterpreterInstantiator;Ljava/util/List;Z)V+3
j  com.altera.tcl.interpreter.InterpreterInstantiator$1.run()V+16
j  java.lang.Thread.run()V+11
v  ~StubRoutines::call_stub

---------------  P R O C E S S  ---------------

Java Threads: ( => current thread )
=>0x000000bc2d8d9800 JavaThread "Tcl Event Queue (id 1: /127.0.0.1.60923)" [_thread_in_native, id=13272, stack(0x000000bc2ef80000,0x000000bc2f080000)]
  0x000000bc2ff91800 JavaThread "USB Cable scanner" [_thread_blocked, id=4384, stack(0x000000bc31950000,0x000000bc31a50000)]
  0x000000bc2eb34000 JavaThread "Timer-0" daemon [_thread_blocked, id=12476, stack(0x000000bc31650000,0x000000bc31750000)]
  0x000000bc2e9e4800 JavaThread "<ClientThread-Pool#1-ID:1>" [_thread_blocked, id=7792, stack(0x000000bc2fd70000,0x000000bc2fe70000)]
  0x000000bc2e9f3000 JavaThread "QuickServer - System Console RPC" [_thread_in_native, id=5784, stack(0x000000bc2fc70000,0x000000bc2fd70000)]
  0x000000bc2e89c800 JavaThread "AWT-Windows" daemon [_thread_in_native, id=6888, stack(0x000000bc2f080000,0x000000bc2f180000)]
  0x000000bc2e89a800 JavaThread "Java2D Disposer" daemon [_thread_blocked, id=4092, stack(0x000000bc2ee80000,0x000000bc2ef80000)]
  0x000000bc2e4e5800 JavaThread "SystemConsoleEventThread Event Queue" [_thread_blocked, id=11296, stack(0x000000bc2ec90000,0x000000bc2ed90000)]
  0x000000bc2d964000 JavaThread "Service Thread" daemon [_thread_blocked, id=9124, stack(0x000000bc2e290000,0x000000bc2e390000)]
  0x000000bc2d8d8800 JavaThread "C1 CompilerThread3" daemon [_thread_blocked, id=5816, stack(0x000000bc2e190000,0x000000bc2e290000)]
  0x000000bc2d8cc000 JavaThread "C2 CompilerThread2" daemon [_thread_blocked, id=1196, stack(0x000000bc2e090000,0x000000bc2e190000)]
  0x000000bc2d8c2000 JavaThread "C2 CompilerThread1" daemon [_thread_blocked, id=172, stack(0x000000bc2df90000,0x000000bc2e090000)]
  0x000000bc2d8c0000 JavaThread "C2 CompilerThread0" daemon [_thread_blocked, id=4064, stack(0x000000bc2de90000,0x000000bc2df90000)]
  0x000000bc2d8bf000 JavaThread "Attach Listener" daemon [_thread_blocked, id=8748, stack(0x000000bc2dd90000,0x000000bc2de90000)]
  0x000000bc2d8be000 JavaThread "Signal Dispatcher" daemon [_thread_blocked, id=11180, stack(0x000000bc2dc90000,0x000000bc2dd90000)]
  0x000000bc168ca000 JavaThread "Finalizer" daemon [_thread_blocked, id=840, stack(0x000000bc2d790000,0x000000bc2d890000)]
  0x000000bc2b89c800 JavaThread "Reference Handler" daemon [_thread_blocked, id=11520, stack(0x000000bc2d690000,0x000000bc2d790000)]
  0x000000bc167d4800 JavaThread "main" [_thread_blocked, id=852, stack(0x000000bc14ca0000,0x000000bc14da0000)]

Other Threads:
  0x000000bc2b899000 VMThread [stack: 0x000000bc2d590000,0x000000bc2d690000] [id=8608]
  0x000000bc2d96e000 WatcherThread [stack: 0x000000bc2e390000,0x000000bc2e490000] [id=1016]

VM state:not at safepoint (normal execution)

VM Mutex/Monitor currently owned by a thread: None

Heap:
 PSYoungGen      total 20480K, used 9010K [0x00000000d5b80000, 0x00000000d7180000, 0x0000000100000000)
  eden space 18432K, 41% used [0x00000000d5b80000,0x00000000d63026e8,0x00000000d6d80000)
  from space 2048K, 64% used [0x00000000d6f80000,0x00000000d70ca3d8,0x00000000d7180000)
  to   space 2048K, 0% used [0x00000000d6d80000,0x00000000d6d80000,0x00000000d6f80000)
 ParOldGen       total 129536K, used 3617K [0x0000000081200000, 0x0000000089080000, 0x00000000d5b80000)
  object space 129536K, 2% used [0x0000000081200000,0x00000000815887a8,0x0000000089080000)
 Metaspace       used 15477K, capacity 15630K, committed 16000K, reserved 1062912K
  class space    used 1980K, capacity 2050K, committed 2176K, reserved 1048576K

Card table byte_map: [0x000000bc25c90000,0x000000bc26090000] byte_map_base: 0x000000bc25887000

Marking Bits: (ParMarkBitMap*) 0x00000000767613b0
 Begin Bits: [0x000000bc26b40000, 0x000000bc28af8000)
 End Bits:   [0x000000bc28af8000, 0x000000bc2aab0000)

Polling page: 0x000000bc14e60000

CodeCache: size=245760Kb used=4065Kb max_used=4070Kb free=241694Kb
 bounds [0x000000bc168d0000, 0x000000bc16cd0000, 0x000000bc258d0000]
 total_blobs=1514 nmethods=1067 adapters=361
 compilation: enabled

Compilation events (10 events):
Event: 2.014 Thread 0x000000bc2d8c0000 nmethod 1060 0x000000bc16ccb890 code [0x000000bc16ccb9e0, 0x000000bc16ccbb48]
Event: 2.014 Thread 0x000000bc2d8cc000 nmethod 1063 0x000000bc16ccbc50 code [0x000000bc16ccbda0, 0x000000bc16ccbed8]
Event: 2.016 Thread 0x000000bc2d8d8800 1064       3       tcl.lang.TclParse::grabToken (50 bytes)
Event: 2.016 Thread 0x000000bc2d8d8800 nmethod 1064 0x000000bc16cc1310 code [0x000000bc16cc1480, 0x000000bc16cc1798]
Event: 2.017 Thread 0x000000bc2d8d8800 1065       3       tcl.lang.TclParse::releaseToken (47 bytes)
Event: 2.017 Thread 0x000000bc2d8d8800 nmethod 1065 0x000000bc16cc0d10 code [0x000000bc16cc0e80, 0x000000bc16cc11b8]
Event: 2.017 Thread 0x000000bc2d8d8800 1066       3       tcl.lang.TclObject::preserve (29 bytes)
Event: 2.017 Thread 0x000000bc2d8d8800 nmethod 1066 0x000000bc16cc0410 code [0x000000bc16cc05c0, 0x000000bc16cc0b80]
Event: 2.017 Thread 0x000000bc2d8d8800 1067       3       tcl.lang.TclObject::_preserve (11 bytes)
Event: 2.017 Thread 0x000000bc2d8d8800 nmethod 1067 0x000000bc16cc00d0 code [0x000000bc16cc0220, 0x000000bc16cc0378]

GC Heap History (10 events):
Event: 0.532 GC heap before
{Heap before GC invocations=8 (full 0):
 PSYoungGen      total 5120K, used 4544K [0x00000000d5b80000, 0x00000000d6580000, 0x0000000100000000)
  eden space 3584K, 100% used [0x00000000d5b80000,0x00000000d5f00000,0x00000000d5f00000)
  from space 1536K, 62% used [0x00000000d5f00000,0x00000000d5ff0000,0x00000000d6080000)
  to   space 1536K, 0% used [0x00000000d6400000,0x00000000d6400000,0x00000000d6580000)
 ParOldGen       total 129536K, used 1228K [0x0000000081200000, 0x0000000089080000, 0x00000000d5b80000)
  object space 129536K, 0% used [0x0000000081200000,0x00000000813333f8,0x0000000089080000)
 Metaspace       used 7602K, capacity 7738K, committed 7936K, reserved 1056768K
  class space    used 899K, capacity 955K, committed 1024K, reserved 1048576K
Event: 0.534 GC heap after
Heap after GC invocations=8 (full 0):
 PSYoungGen      total 8704K, used 1216K [0x00000000d5b80000, 0x00000000d6580000, 0x0000000100000000)
  eden space 7168K, 0% used [0x00000000d5b80000,0x00000000d5b80000,0x00000000d6280000)
  from space 1536K, 79% used [0x00000000d6400000,0x00000000d6530000,0x00000000d6580000)
  to   space 1536K, 0% used [0x00000000d6280000,0x00000000d6280000,0x00000000d6400000)
 ParOldGen       total 129536K, used 1468K [0x0000000081200000, 0x0000000089080000, 0x00000000d5b80000)
  object space 129536K, 1% used [0x0000000081200000,0x000000008136f3f8,0x0000000089080000)
 Metaspace       used 7602K, capacity 7738K, committed 7936K, reserved 1056768K
  class space    used 899K, capacity 955K, committed 1024K, reserved 1048576K
}
Event: 0.610 GC heap before
{Heap before GC invocations=9 (full 0):
 PSYoungGen      total 8704K, used 8384K [0x00000000d5b80000, 0x00000000d6580000, 0x0000000100000000)
  eden space 7168K, 100% used [0x00000000d5b80000,0x00000000d6280000,0x00000000d6280000)
  from space 1536K, 79% used [0x00000000d6400000,0x00000000d6530000,0x00000000d6580000)
  to   space 1536K, 0% used [0x00000000d6280000,0x00000000d6280000,0x00000000d6400000)
 ParOldGen       total 129536K, used 1468K [0x0000000081200000, 0x0000000089080000, 0x00000000d5b80000)
  object space 129536K, 1% used [0x0000000081200000,0x000000008136f3f8,0x0000000089080000)
 Metaspace       used 8519K, capacity 8666K, committed 8832K, reserved 1056768K
  class space    used 1057K, capacity 1115K, committed 1152K, reserved 1048576K
Event: 0.613 GC heap after
Heap after GC invocations=9 (full 0):
 PSYoungGen      total 8704K, used 1509K [0x00000000d5b80000, 0x00000000d6a00000, 0x0000000100000000)
  eden space 7168K, 0% used [0x00000000d5b80000,0x00000000d5b80000,0x00000000d6280000)
  from space 1536K, 98% used [0x00000000d6280000,0x00000000d63f9520,0x00000000d6400000)
  to   space 1536K, 0% used [0x00000000d6880000,0x00000000d6880000,0x00000000d6a00000)
 ParOldGen       total 129536K, used 1724K [0x0000000081200000, 0x0000000089080000, 0x00000000d5b80000)
  object space 129536K, 1% used [0x0000000081200000,0x00000000813af3e0,0x0000000089080000)
 Metaspace       used 8519K, capacity 8666K, committed 8832K, reserved 1056768K
  class space    used 1057K, capacity 1115K, committed 1152K, reserved 1048576K
}
Event: 0.920 GC heap before
{Heap before GC invocations=10 (full 0):
 PSYoungGen      total 8704K, used 8677K [0x00000000d5b80000, 0x00000000d6a00000, 0x0000000100000000)
  eden space 7168K, 100% used [0x00000000d5b80000,0x00000000d6280000,0x00000000d6280000)
  from space 1536K, 98% used [0x00000000d6280000,0x00000000d63f9520,0x00000000d6400000)
  to   space 1536K, 0% used [0x00000000d6880000,0x00000000d6880000,0x00000000d6a00000)
 ParOldGen       total 129536K, used 1724K [0x0000000081200000, 0x0000000089080000, 0x00000000d5b80000)
  object space 129536K, 1% used [0x0000000081200000,0x00000000813af3e0,0x0000000089080000)
 Metaspace       used 9979K, capacity 10138K, committed 10368K, reserved 1058816K
  class space    used 1240K, capacity 1307K, committed 1408K, reserved 1048576K
Event: 0.924 GC heap after
Heap after GC invocations=10 (full 0):
 PSYoungGen      total 12800K, used 1483K [0x00000000d5b80000, 0x00000000d6b00000, 0x0000000100000000)
  eden space 11264K, 0% used [0x00000000d5b80000,0x00000000d5b80000,0x00000000d6680000)
  from space 1536K, 96% used [0x00000000d6880000,0x00000000d69f2ec0,0x00000000d6a00000)
  to   space 2048K, 0% used [0x00000000d6680000,0x00000000d6680000,0x00000000d6880000)
 ParOldGen       total 129536K, used 2456K [0x0000000081200000, 0x0000000089080000, 0x00000000d5b80000)
  object space 129536K, 1% used [0x0000000081200000,0x00000000814663f0,0x0000000089080000)
 Metaspace       used 9979K, capacity 10138K, committed 10368K, reserved 1058816K
  class space    used 1240K, capacity 1307K, committed 1408K, reserved 1048576K
}
Event: 1.056 GC heap before
{Heap before GC invocations=11 (full 0):
 PSYoungGen      total 12800K, used 12747K [0x00000000d5b80000, 0x00000000d6b00000, 0x0000000100000000)
  eden space 11264K, 100% used [0x00000000d5b80000,0x00000000d6680000,0x00000000d6680000)
  from space 1536K, 96% used [0x00000000d6880000,0x00000000d69f2ec0,0x00000000d6a00000)
  to   space 2048K, 0% used [0x00000000d6680000,0x00000000d6680000,0x00000000d6880000)
 ParOldGen       total 129536K, used 2456K [0x0000000081200000, 0x0000000089080000, 0x00000000d5b80000)
  object space 129536K, 1% used [0x0000000081200000,0x00000000814663f0,0x0000000089080000)
 Metaspace       used 11578K, capacity 11718K, committed 11776K, reserved 1058816K
  class space    used 1482K, capacity 1534K, committed 1536K, reserved 1048576K
Event: 1.059 GC heap after
Heap after GC invocations=11 (full 0):
 PSYoungGen      total 13312K, used 979K [0x00000000d5b80000, 0x00000000d7180000, 0x0000000100000000)
  eden space 11264K, 0% used [0x00000000d5b80000,0x00000000d5b80000,0x00000000d6680000)
  from space 2048K, 47% used [0x00000000d6680000,0x00000000d6774eb0,0x00000000d6880000)
  to   space 2048K, 0% used [0x00000000d6f80000,0x00000000d6f80000,0x00000000d7180000)
 ParOldGen       total 129536K, used 3209K [0x0000000081200000, 0x0000000089080000, 0x00000000d5b80000)
  object space 129536K, 2% used [0x0000000081200000,0x0000000081522798,0x0000000089080000)
 Metaspace       used 11578K, capacity 11718K, committed 11776K, reserved 1058816K
  class space    used 1482K, capacity 1534K, committed 1536K, reserved 1048576K
}
Event: 1.658 GC heap before
{Heap before GC invocations=12 (full 0):
 PSYoungGen      total 13312K, used 12243K [0x00000000d5b80000, 0x00000000d7180000, 0x0000000100000000)
  eden space 11264K, 100% used [0x00000000d5b80000,0x00000000d6680000,0x00000000d6680000)
  from space 2048K, 47% used [0x00000000d6680000,0x00000000d6774eb0,0x00000000d6880000)
  to   space 2048K, 0% used [0x00000000d6f80000,0x00000000d6f80000,0x00000000d7180000)
 ParOldGen       total 129536K, used 3209K [0x0000000081200000, 0x0000000089080000, 0x00000000d5b80000)
  object space 129536K, 2% used [0x0000000081200000,0x0000000081522798,0x0000000089080000)
 Metaspace       used 14585K, capacity 14732K, committed 14976K, reserved 1062912K
  class space    used 1871K, capacity 1920K, committed 1920K, reserved 1048576K
Event: 1.662 GC heap after
Heap after GC invocations=12 (full 0):
 PSYoungGen      total 20480K, used 1320K [0x00000000d5b80000, 0x00000000d7180000, 0x0000000100000000)
  eden space 18432K, 0% used [0x00000000d5b80000,0x00000000d5b80000,0x00000000d6d80000)
  from space 2048K, 64% used [0x00000000d6f80000,0x00000000d70ca3d8,0x00000000d7180000)
  to   space 2048K, 0% used [0x00000000d6d80000,0x00000000d6d80000,0x00000000d6f80000)
 ParOldGen       total 129536K, used 3617K [0x0000000081200000, 0x0000000089080000, 0x00000000d5b80000)
  object space 129536K, 2% used [0x0000000081200000,0x00000000815887a8,0x0000000089080000)
 Metaspace       used 14585K, capacity 14732K, committed 14976K, reserved 1062912K
  class space    used 1871K, capacity 1920K, committed 1920K, reserved 1048576K
}

Deoptimization events (10 events):
Event: 0.395 Thread 0x000000bc167d4800 Uncommon trap: reason=class_check action=maybe_recompile pc=0x000000bc16a9e650 method=sun.misc.URLClassPath.getLoader(I)Lsun/misc/URLClassPath$Loader; @ 150
Event: 0.396 Thread 0x000000bc167d4800 Uncommon trap: reason=class_check action=maybe_recompile pc=0x000000bc16a9e650 method=sun.misc.URLClassPath.getLoader(I)Lsun/misc/URLClassPath$Loader; @ 150
Event: 0.564 Thread 0x000000bc167d4800 Uncommon trap: reason=unreached action=reinterpret pc=0x000000bc16b4b32c method=java.util.HashMap.hash(Ljava/lang/Object;)I @ 1
Event: 0.719 Thread 0x000000bc167d4800 Uncommon trap: reason=unloaded action=reinterpret pc=0x000000bc16bc73a8 method=org.quickserver.net.server.QuickServer.startServer()V @ 809
Event: 1.205 Thread 0x000000bc2fe9a000 Uncommon trap: reason=unreached action=reinterpret pc=0x000000bc16ac14b0 method=java.lang.AbstractStringBuilder.append(Ljava/lang/String;)Ljava/lang/AbstractStringBuilder; @ 1
Event: 1.360 Thread 0x000000bc2fe9a000 Uncommon trap: reason=unreached action=reinterpret pc=0x000000bc16ab4eb4 method=java.lang.AbstractStringBuilder.append(Ljava/lang/String;)Ljava/lang/AbstractStringBuilder; @ 1
Event: 1.967 Thread 0x000000bc2e4e5800 Uncommon trap: reason=bimorphic action=maybe_recompile pc=0x000000bc16c89800 method=java.util.regex.Matcher.match(II)Z @ 86
Event: 1.967 Thread 0x000000bc2e4e5800 Uncommon trap: reason=bimorphic action=maybe_recompile pc=0x000000bc16c89800 method=java.util.regex.Matcher.match(II)Z @ 86
Event: 1.967 Thread 0x000000bc2e4e5800 Uncommon trap: reason=bimorphic action=maybe_recompile pc=0x000000bc16c89800 method=java.util.regex.Matcher.match(II)Z @ 86
Event: 1.967 Thread 0x000000bc2e4e5800 Uncommon trap: reason=bimorphic action=maybe_recompile pc=0x000000bc16c89800 method=java.util.regex.Matcher.match(II)Z @ 86

Internal exceptions (10 events):
Event: 2.011 Thread 0x000000bc2d8d9800 Exception <a 'java/security/PrivilegedActionException'> (0x00000000d6274760) thrown at [D:\re\workspace\8-2-build-windows-amd64-cygwin\jdk8u5\2488\hotspot\src\share\vm\prims\jvm.cpp, line 1248]
Event: 2.011 Thread 0x000000bc2d8d9800 Exception <a 'java/security/PrivilegedActionException'> (0x00000000d6279700) thrown at [D:\re\workspace\8-2-build-windows-amd64-cygwin\jdk8u5\2488\hotspot\src\share\vm\prims\jvm.cpp, line 1248]
Event: 2.012 Thread 0x000000bc2d8d9800 Exception <a 'java/security/PrivilegedActionException'> (0x00000000d6281c30) thrown at [D:\re\workspace\8-2-build-windows-amd64-cygwin\jdk8u5\2488\hotspot\src\share\vm\prims\jvm.cpp, line 1248]
Event: 2.012 Thread 0x000000bc2d8d9800 Exception <a 'java/security/PrivilegedActionException'> (0x00000000d6286618) thrown at [D:\re\workspace\8-2-build-windows-amd64-cygwin\jdk8u5\2488\hotspot\src\share\vm\prims\jvm.cpp, line 1248]
Event: 2.013 Thread 0x000000bc2d8d9800 Exception <a 'java/security/PrivilegedActionException'> (0x00000000d628bf08) thrown at [D:\re\workspace\8-2-build-windows-amd64-cygwin\jdk8u5\2488\hotspot\src\share\vm\prims\jvm.cpp, line 1248]
Event: 2.013 Thread 0x000000bc2d8d9800 Exception <a 'java/security/PrivilegedActionException'> (0x00000000d62963d0) thrown at [D:\re\workspace\8-2-build-windows-amd64-cygwin\jdk8u5\2488\hotspot\src\share\vm\prims\jvm.cpp, line 1248]
Event: 2.014 Thread 0x000000bc2d8d9800 Exception <a 'java/security/PrivilegedActionException'> (0x00000000d629bb90) thrown at [D:\re\workspace\8-2-build-windows-amd64-cygwin\jdk8u5\2488\hotspot\src\share\vm\prims\jvm.cpp, line 1248]
Event: 2.015 Thread 0x000000bc2d8d9800 Exception <a 'java/security/PrivilegedActionException'> (0x00000000d62b7448) thrown at [D:\re\workspace\8-2-build-windows-amd64-cygwin\jdk8u5\2488\hotspot\src\share\vm\prims\jvm.cpp, line 1248]
Event: 2.017 Thread 0x000000bc2d8d9800 Exception <a 'java/security/PrivilegedActionException'> (0x00000000d62d99e0) thrown at [D:\re\workspace\8-2-build-windows-amd64-cygwin\jdk8u5\2488\hotspot\src\share\vm\prims\jvm.cpp, line 1248]
Event: 2.018 Thread 0x000000bc2d8d9800 Exception <a 'java/security/PrivilegedActionException'> (0x00000000d62e5c18) thrown at [D:\re\workspace\8-2-build-windows-amd64-cygwin\jdk8u5\2488\hotspot\src\share\vm\prims\jvm.cpp, line 1248]

Events (10 events):
Event: 2.013 loading class tcl/lang/ProcCmd
Event: 2.013 loading class tcl/lang/ProcCmd done
Event: 2.014 loading class tcl/lang/Procedure
Event: 2.014 loading class tcl/lang/Procedure done
Event: 2.015 loading class tcl/lang/StringCmd
Event: 2.015 loading class tcl/lang/StringCmd done
Event: 2.017 loading class com/altera/tcl/interpreter/NativeTclWrapper
Event: 2.017 loading class com/altera/tcl/interpreter/NativeTclWrapper done
Event: 2.018 loading class com/altera/tcl/interpreter/NativeTclWrapper$1
Event: 2.018 loading class com/altera/tcl/interpreter/NativeTclWrapper$1 done


Dynamic libraries:
0x00007ff6a29b0000 - 0x00007ff6a29ea000 	c:\altera\14.1\quartus\sopc_builder\bin\system-console.exe
0x00007ffe974d0000 - 0x00007ffe9767c000 	C:\windows\SYSTEM32\ntdll.dll
0x00007ffe95e60000 - 0x00007ffe95f9e000 	C:\windows\system32\KERNEL32.DLL
0x00007ffe94980000 - 0x00007ffe94a95000 	C:\windows\system32\KERNELBASE.dll
0x00007ffe956d0000 - 0x00007ffe9577a000 	C:\windows\system32\ADVAPI32.dll
0x00007ffe94fd0000 - 0x00007ffe95147000 	C:\windows\system32\USER32.dll
0x00007ffe95b80000 - 0x00007ffe95c2a000 	C:\windows\system32\msvcrt.dll
0x00007ffe95d70000 - 0x00007ffe95dc9000 	C:\windows\SYSTEM32\sechost.dll
0x00007ffe95580000 - 0x00007ffe956c1000 	C:\windows\system32\RPCRT4.dll
0x00007ffe94cf0000 - 0x00007ffe94e41000 	C:\windows\system32\GDI32.dll
0x00007ffe95390000 - 0x00007ffe953c6000 	C:\windows\system32\IMM32.DLL
0x00007ffe95150000 - 0x00007ffe952a3000 	C:\windows\system32\MSCTF.dll
0x0000000075fb0000 - 0x00000000767da000 	C:\altera\14.1\quartus\bin64\jre64\bin\server\jvm.dll
0x00007ffe8b480000 - 0x00007ffe8b489000 	C:\windows\SYSTEM32\WSOCK32.dll
0x00007ffe919f0000 - 0x00007ffe91a12000 	C:\windows\SYSTEM32\WINMM.dll
0x00007ffe95d60000 - 0x00007ffe95d67000 	C:\windows\system32\PSAPI.DLL
0x0000000051aa0000 - 0x0000000051b72000 	C:\windows\SYSTEM32\MSVCR100.dll
0x00007ffe94e50000 - 0x00007ffe94eaa000 	C:\windows\system32\WS2_32.dll
0x00007ffe91000000 - 0x00007ffe9102a000 	C:\windows\SYSTEM32\WINMMBASE.dll
0x00007ffe952b0000 - 0x00007ffe952b9000 	C:\windows\system32\NSI.dll
0x00007ffe946f0000 - 0x00007ffe9473f000 	C:\windows\SYSTEM32\cfgmgr32.dll
0x00007ffe932f0000 - 0x00007ffe93318000 	C:\windows\SYSTEM32\DEVOBJ.dll
0x00000000502c0000 - 0x00000000502cf000 	C:\altera\14.1\quartus\bin64\jre64\bin\verify.dll
0x0000000077ce0000 - 0x0000000077d08000 	C:\altera\14.1\quartus\bin64\jre64\bin\java.dll
0x0000000077b10000 - 0x0000000077b26000 	C:\altera\14.1\quartus\bin64\jre64\bin\zip.dll
0x00007ffe95fb0000 - 0x00007ffe974c8000 	C:\windows\system32\SHELL32.dll
0x00007ffe95780000 - 0x00007ffe95991000 	C:\windows\SYSTEM32\combase.dll
0x00007ffe95c30000 - 0x00007ffe95c84000 	C:\windows\system32\SHLWAPI.dll
0x00007ffe930e0000 - 0x00007ffe93192000 	C:\windows\SYSTEM32\SHCORE.dll
0x00007ffe94620000 - 0x00007ffe94635000 	C:\windows\SYSTEM32\profapi.dll
0x0000000075e10000 - 0x0000000075fa6000 	C:\altera\14.1\quartus\bin64\jre64\bin\awt.dll
0x00007ffe95c90000 - 0x00007ffe95d51000 	C:\windows\system32\OLEAUT32.dll
0x00007ffe931a0000 - 0x00007ffe9322e000 	C:\windows\system32\apphelp.dll
0x00007ffe91940000 - 0x00007ffe919e4000 	C:\windows\WinSxS\amd64_microsoft.windows.common-controls_6595b64144ccf1df_5.82.9600.17415_none_34aa3313958e7a52\COMCTL32.dll
0x00007ffe93320000 - 0x00007ffe93449000 	C:\windows\system32\uxtheme.dll
0x00007ffe92970000 - 0x00007ffe92991000 	C:\windows\system32\dwmapi.dll
0x00007ffe94b50000 - 0x00007ffe94ce4000 	C:\windows\system32\ole32.dll
0x00007ffe932e0000 - 0x00007ffe932eb000 	C:\windows\SYSTEM32\kernel.appcore.dll
0x00007ffe94560000 - 0x00007ffe9456b000 	C:\windows\SYSTEM32\CRYPTBASE.dll
0x00007ffe944f0000 - 0x00007ffe94553000 	C:\windows\SYSTEM32\bcryptPrimitives.dll
0x0000000077af0000 - 0x0000000077b0a000 	C:\altera\14.1\quartus\bin64\jre64\bin\net.dll
0x00007ffe93f00000 - 0x00007ffe93f59000 	C:\windows\system32\mswsock.dll
0x00007ffe8e840000 - 0x00007ffe8e86a000 	C:\windows\SYSTEM32\IPHLPAPI.DLL
0x00007ffe8e820000 - 0x00007ffe8e82a000 	C:\windows\SYSTEM32\WINNSI.DLL
0x00007ffe8e680000 - 0x00007ffe8e696000 	C:\windows\SYSTEM32\dhcpcsvc6.DLL
0x00007ffe8e660000 - 0x00007ffe8e67a000 	C:\windows\SYSTEM32\dhcpcsvc.DLL
0x00007ffe83200000 - 0x00007ffe83206000 	C:\altera\14.1\quartus\bin64\sld_utiljni.dll
0x00007ffe57030000 - 0x00007ffe5711f000 	C:\windows\SYSTEM32\MSVCR120.dll
0x00007ffe647c0000 - 0x00007ffe647f2000 	C:\altera\14.1\quartus\bin64\jtag_client.dll
0x00007ffe56f80000 - 0x00007ffe57026000 	C:\windows\SYSTEM32\MSVCP120.dll
0x00007ffe7e760000 - 0x00007ffe7e769000 	C:\altera\14.1\quartus\bin64\jtag_atlantic.dll
0x00007ffe737a0000 - 0x00007ffe737b8000 	C:\altera\14.1\quartus\bin64\pgm_gdb.dll
0x00007ffe77380000 - 0x00007ffe7738f000 	C:\altera\14.1\quartus\bin64\sld_jtagjni.dll
0x00007ffe85c40000 - 0x00007ffe85c55000 	C:\windows\system32\napinsp.dll
0x00007ffe85c20000 - 0x00007ffe85c3a000 	C:\windows\system32\pnrpnsp.dll
0x00007ffe900e0000 - 0x00007ffe900fb000 	C:\windows\system32\NLAapi.dll
0x00007ffe93d00000 - 0x00007ffe93da4000 	C:\windows\SYSTEM32\DNSAPI.dll
0x00007ffe85c10000 - 0x00007ffe85c1d000 	C:\windows\System32\winrnr.dll
0x00007ffe85bf0000 - 0x00007ffe85c04000 	C:\windows\system32\wshbth.dll
0x00000000505a0000 - 0x00000000505c6000 	C:\Program Files\Bonjour\mdnsNSP.dll
0x00007ffe8e260000 - 0x00007ffe8e26a000 	C:\Windows\System32\rasadhlp.dll
0x00007ffe8e6b0000 - 0x00007ffe8e71b000 	C:\windows\System32\fwpuclnt.dll
0x0000000075dc0000 - 0x0000000075e07000 	C:\altera\14.1\quartus\bin64\jre64\bin\fontmanager.dll
0x0000000077ad0000 - 0x0000000077ae1000 	C:\altera\14.1\quartus\bin64\jre64\bin\nio.dll
0x00007ffe76c80000 - 0x00007ffe76c88000 	C:\altera\14.1\quartus\bin64\sld_usbjni.dll
0x00007ffe959a0000 - 0x00007ffe95b7a000 	C:\windows\system32\SETUPAPI.dll
0x00007ffe94740000 - 0x00007ffe94791000 	C:\windows\system32\WINTRUST.dll
0x00007ffe947a0000 - 0x00007ffe9497f000 	C:\windows\system32\CRYPT32.dll
0x00007ffe946d0000 - 0x00007ffe946e1000 	C:\windows\system32\MSASN1.dll
0x0000000050100000 - 0x0000000050287000 	C:\altera\14.1\quartus\bin64\tcl86.dll
0x00007ffe90140000 - 0x00007ffe90156000 	C:\windows\SYSTEM32\NETAPI32.dll
0x00007ffe93860000 - 0x00007ffe9386c000 	C:\windows\SYSTEM32\netutils.dll
0x00007ffe94200000 - 0x00007ffe94226000 	C:\windows\SYSTEM32\srvcli.dll
0x00007ffe90100000 - 0x00007ffe90117000 	C:\windows\SYSTEM32\wkscli.dll
0x00007ffe8a8a0000 - 0x00007ffe8a8b7000 	C:\windows\SYSTEM32\SAMCLI.DLL
0x00007ffe93cc0000 - 0x00007ffe93cff000 	C:\windows\SYSTEM32\LOGONCLI.DLL
0x00007ffe75ea0000 - 0x00007ffe75ea9000 	C:\altera\14.1\quartus\bin64\tcl_jni_bridge.dll
0x00007ffe820d0000 - 0x00007ffe8225a000 	C:\windows\SYSTEM32\dbghelp.dll

VM Arguments:
java_command: <unknown>
java_class_path (initial): C:/altera/14.1/quartus/sopc_builder/model/lib\Nlview.jar;C:/altera/14.1/quartus/sopc_builder/model/lib\QuickServer.jar;C:/altera/14.1/quartus/sopc_builder/model/lib\TableLayout.jar;C:/altera/14.1/quartus/sopc_builder/model/lib\appframework-1.03.jar;C:/altera/14.1/quartus/sopc_builder/model/lib\asm-3.1.jar;C:/altera/14.1/quartus/sopc_builder/model/lib\asm-commons-3.1.jar;C:/altera/14.1/quartus/sopc_builder/model/lib\basicmodel.jar;C:/altera/14.1/quartus/sopc_builder/model/lib\beansbinding-1.2.1.jar;C:/altera/14.1/quartus/sopc_builder/model/lib\binding-2.0.6.jar;C:/altera/14.1/quartus/sopc_builder/model/lib\com.altera.componenteditor2.jar;C:/altera/14.1/quartus/sopc_builder/model/lib\com.altera.embeddedsw.app_lib.jar;C:/altera/14.1/quartus/sopc_builder/model/lib\com.altera.embeddedsw.bsp.editor.jar;C:/altera/14.1/quartus/sopc_builder/model/lib\com.altera.embeddedsw.bsp.elements.jar;C:/altera/14.1/quartus/sopc_builder/model/lib\com.altera.embeddedsw.bsp.jar;C:/altera/14.1/quartus/sopc_builder/model/lib\com.altera.embeddedsw.bsp.plugin.core.jar;C:/altera/14.1/quartus/sopc_builder/model/lib\com.altera.embeddedsw.bsp.plugin.hal.jar;C:/altera/14.1/quartus/sopc_builder/model/lib\com.altera.embeddedsw.bsp.plugin.lwhal.jar;C:/altera/14.1/quartus/sopc_builder/model/lib\com.altera.embeddedsw.bsp.schema.jar;C:/altera/14.1/quartus/sopc_builder/model/lib\com.altera.embeddedsw.bsp.scripting.jar;C:/altera/14.1/quartus/sopc_builder/model/lib\com.altera.embeddedsw.commandline.jar;C:/altera/14.1/quartus/sopc_builder/model/lib\com.altera.embeddedsw.cpexample.jar;C:/altera/14.1/quartus/sopc_builder/model/lib\com.altera.embeddedsw.flash.jar;C:/altera/14.1/quartus/sopc_builder/model/lib\com.altera.embeddedsw.launch.jar;C:/altera/14.1/quartus/sopc_builder/model/lib\com.altera.embeddedsw.swinfo.jar;C:/altera/14.1/quartus/sopc_builder/model/lib\com.altera.embeddedsw.utilities.jar;C:/altera/14.1/quartus/sopc_builder/model/lib\com.altera.entityinterfaces.jar;C:/alte
Launcher Type: generic

Environment Variables:
PATH=C:/altera/14.1/quartus/bin64;C:/altera/14.1/quartus/sopc_builder/model/lib;c:\altera\14.1\quartus\bin64\;c:\altera\14.1\quartus\bin64\;C:\Program Files (x86)\NVIDIA Corporation\PhysX\Common;C:\Program Files (x86)\Intel\iCLS Client\;C:\Program Files\Intel\iCLS Client\;C:\windows\system32;C:\windows;C:\windows\System32\Wbem;C:\windows\System32\WindowsPowerShell\v1.0\;C:\Program Files\Intel\WiFi\bin\;C:\Program Files\Common Files\Intel\WirelessCommon\;C:\Program Files (x86)\Windows Kits\8.1\Windows Performance Toolkit\;C:\Program Files\Microsoft SQL Server\110\Tools\Binn\;C:\OrCAD\OrCAD_16.6_Lite\tools\bin;C:\OrCAD\OrCAD_16.6_Lite\tools\specctra\bin;C:\OrCAD\OrCAD_16.6_Lite\tools\PSpice;C:\OrCAD\OrCAD_16.6_Lite\tools\Capture;C:\OrCAD\OrCAD_16.6_Lite\tools\fet\bin;C:\OrCAD\OrCAD_16.6_Lite\tools\pcb\bin;C:\OrCAD\OrCAD_16.6_Lite\OpenAccess\bin\win32\opt;C:\altera\14.1\modelsim_ase\win32aloem
USERNAME=Padraic
OS=Windows_NT
PROCESSOR_IDENTIFIER=Intel64 Family 6 Model 60 Stepping 3, GenuineIntel



---------------  S Y S T E M  ---------------

OS: Windows 8 , 64 bit Build 9200 

CPU:total 8 (4 cores per cpu, 2 threads per core) family 6 model 60 stepping 3, cmov, cx8, fxsr, mmx, sse, sse2, sse3, ssse3, sse4.1, sse4.2, popcnt, avx, avx2, aes, clmul, erms, ht, tsc, tscinvbit

Memory: 4k page, physical 8311064k(4490684k free), swap 16699672k(11027768k free)

vm_info: Java HotSpot(TM) 64-Bit Server VM (25.5-b02) for windows-amd64 JRE (1.8.0_05-b13), built on Mar 18 2014 01:08:39 by "java_re" with MS VC++ 10.0 (VS2010)

time: Sat Mar 07 18:34:26 2015
elapsed time: 2 seconds

