#
# A fatal error has been detected by the Java Runtime Environment:
#
#  EXCEPTION_ACCESS_VIOLATION (0xc0000005) at pc=0x00007ffe7dcd1a86, pid=9632, tid=10808
#
# JRE version: Java(TM) SE Runtime Environment (8.0_05-b13) (build 1.8.0_05-b13)
# Java VM: Java HotSpot(TM) 64-Bit Server VM (25.5-b02 mixed mode windows-amd64 compressed oops)
# Problematic frame:
# C  [tcl_jni_bridge.dll+0x1a86]
#
# Failed to write core dump. Minidumps are not enabled by default on client versions of Windows
#
# If you would like to submit a bug report, please visit:
#   http://bugreport.sun.com/bugreport/crash.jsp
# The crash happened outside the Java Virtual Machine in native code.
# See problematic frame for where to report the bug.
#

---------------  T H R E A D  ---------------

Current thread (0x000000cc34288800):  JavaThread "Tcl Event Queue (id 1: /127.0.0.1.62116)" [_thread_in_native, id=10808, stack(0x000000cc33270000,0x000000cc33370000)]

siginfo: ExceptionCode=0xc0000005, writing address 0x00000000191fd9a0

Registers:
RAX=0x00000000191fd9a0, RBX=0x00000000191fd9a0, RCX=0x000000cc342889e0, RDX=0x000000cc3336eaf0
RSP=0x000000cc3336ea00, RBP=0x0000000000000002, RSI=0x000000cc3336eaf0, RDI=0x000000cc342889e0
R8 =0x0000000000000042, R9 =0x00000000d641c130, R10=0x0000000000000030, R11=0x00000000764a9230
R12=0x0000000000000000, R13=0x000000cc35f65df0, R14=0x000000cc3336eae8, R15=0x000000cc34288800
RIP=0x00007ffe7dcd1a86, EFLAGS=0x0000000000010206

Top of Stack: (sp=0x000000cc3336ea00)
0x000000cc3336ea00:   000000cc29b87000 000000cc1abe610f
0x000000cc3336ea10:   000000cc3429c700 000000cc34288800
0x000000cc3336ea20:   000000cc3336eaf0 000000cc29b87000
0x000000cc3336ea30:   00000000006b20e1 000000cc1abe6295
0x000000cc3336ea40:   000000cc29b87000 000000cc35f65df0
0x000000cc3336ea50:   000000cc3336eac0 000000cc35f65df0
0x000000cc3336ea60:   00000000006b20e1 000000cc34288800
0x000000cc3336ea70:   000000cc3336eb98 000000cc1abe5f7c
0x000000cc3336ea80:   000000cc3336ea80 000000cc35f65df0
0x000000cc3336ea90:   000000cc3336eaf0 000000cc35f67790
0x000000cc3336eaa0:   0000000000000000 000000cc35f65df0
0x000000cc3336eab0:   0000000000000000 000000cc3336eae0
0x000000cc3336eac0:   000000cc3336eb48 000000cc1abd7380
0x000000cc3336ead0:   0000000000000000 000000cc1abdf998
0x000000cc3336eae0:   0000000000000002 00000000d6100940
0x000000cc3336eaf0:   00000000d641c130 0000000000000001 

Instructions: (pc=0x00007ffe7dcd1a86)
0x00007ffe7dcd1a66:   8b f0 4c 8b 05 79 46 00 00 41 8b e9 48 8b f2 48
0x00007ffe7dcd1a76:   8b f9 ff 90 28 03 00 00 48 8b d8 48 85 c0 74 09
0x00007ffe7dcd1a86:   48 89 38 48 89 70 08 eb 08 48 8b cf e8 39 05 00
0x00007ffe7dcd1a96:   00 48 8b 07 48 8b d6 48 8b cf ff 90 f8 00 00 00 


Register to memory mapping:

RAX=0x00000000191fd9a0 is an unknown value
RBX=0x00000000191fd9a0 is an unknown value
RCX=0x000000cc342889e0 is an unknown value
RDX=0x000000cc3336eaf0 is pointing into the stack for thread: 0x000000cc34288800
RSP=0x000000cc3336ea00 is pointing into the stack for thread: 0x000000cc34288800
RBP=0x0000000000000002 is an unknown value
RSI=0x000000cc3336eaf0 is pointing into the stack for thread: 0x000000cc34288800
RDI=0x000000cc342889e0 is an unknown value
R8 =0x0000000000000042 is an unknown value
R9 =0x00000000d641c130 is an oop
com.altera.tcl.interpreter.NativeTclWrapper 
 - klass: 'com/altera/tcl/interpreter/NativeTclWrapper'
R10=0x0000000000000030 is an unknown value
R11=0x00000000764a9230 is an unknown value
R12=0x0000000000000000 is an unknown value
R13=0x000000cc35f65df0 is an unknown value
R14=0x000000cc3336eae8 is pointing into the stack for thread: 0x000000cc34288800
R15=0x000000cc34288800 is a thread


Stack: [0x000000cc33270000,0x000000cc33370000],  sp=0x000000cc3336ea00,  free space=1018k
Native frames: (J=compiled Java code, j=interpreted, Vv=VM code, C=native code)
C  [tcl_jni_bridge.dll+0x1a86]
C  0x000000cc1abe6295

Java frames: (J=compiled Java code, j=interpreted, Vv=VM code)
j  com.altera.tcl.interpreter.NativeTclWrapper.setupTclOutputChannel0(Ljava/lang/String;I)V+0
j  com.altera.tcl.interpreter.NativeTclWrapper.<init>(Lcom/altera/tcl/interpreter/NativeTCLInterpreter;)V+134
j  com.altera.tcl.interpreter.NativeTCLInterpreter.sanityCheck()V+18
j  com.altera.tcl.interpreter.NativeTCLInterpreter.setScalarVariable(Ljava/lang/String;Ljava/lang/String;)Z+1
j  com.altera.tcl.interpreter.InterpreterInstantiator.createTclInterpreter(Ljava/util/List;Z)V+58
j  com.altera.tcl.interpreter.InterpreterInstantiator.access$000(Lcom/altera/tcl/interpreter/InterpreterInstantiator;Ljava/util/List;Z)V+3
j  com.altera.tcl.interpreter.InterpreterInstantiator$1.run()V+16
j  java.lang.Thread.run()V+11
v  ~StubRoutines::call_stub

---------------  P R O C E S S  ---------------

Java Threads: ( => current thread )
=>0x000000cc34288800 JavaThread "Tcl Event Queue (id 1: /127.0.0.1.62116)" [_thread_in_native, id=10808, stack(0x000000cc33270000,0x000000cc33370000)]
  0x000000cc3426e800 JavaThread "USB Cable scanner" [_thread_blocked, id=5296, stack(0x000000cc35d30000,0x000000cc35e30000)]
  0x000000cc34240000 JavaThread "Timer-0" daemon [_thread_blocked, id=11312, stack(0x000000cc35a30000,0x000000cc35b30000)]
  0x000000cc32d90000 JavaThread "<ClientThread-Pool#1-ID:1>" [_thread_blocked, id=1368, stack(0x000000cc340c0000,0x000000cc341c0000)]
  0x000000cc32d7c000 JavaThread "QuickServer - System Console RPC" [_thread_in_native, id=12960, stack(0x000000cc33fc0000,0x000000cc340c0000)]
  0x000000cc32a39800 JavaThread "AWT-Windows" daemon [_thread_in_native, id=5068, stack(0x000000cc33370000,0x000000cc33470000)]
  0x000000cc32a33800 JavaThread "Java2D Disposer" daemon [_thread_blocked, id=12640, stack(0x000000cc33170000,0x000000cc33270000)]
  0x000000cc31f5a000 JavaThread "SystemConsoleEventThread Event Queue" [_thread_blocked, id=11884, stack(0x000000cc32f80000,0x000000cc33080000)]
  0x000000cc31c3d000 JavaThread "Service Thread" daemon [_thread_blocked, id=10728, stack(0x000000cc32580000,0x000000cc32680000)]
  0x000000cc31bc1800 JavaThread "C1 CompilerThread3" daemon [_thread_blocked, id=11216, stack(0x000000cc32480000,0x000000cc32580000)]
  0x000000cc31bbe800 JavaThread "C2 CompilerThread2" daemon [_thread_blocked, id=4824, stack(0x000000cc32380000,0x000000cc32480000)]
  0x000000cc31bb3000 JavaThread "C2 CompilerThread1" daemon [_thread_blocked, id=8328, stack(0x000000cc32280000,0x000000cc32380000)]
  0x000000cc31bb1000 JavaThread "C2 CompilerThread0" daemon [_thread_blocked, id=2820, stack(0x000000cc32180000,0x000000cc32280000)]
  0x000000cc31baf800 JavaThread "Attach Listener" daemon [_thread_blocked, id=2152, stack(0x000000cc32080000,0x000000cc32180000)]
  0x000000cc31bae800 JavaThread "Signal Dispatcher" daemon [_thread_blocked, id=7232, stack(0x000000cc31f80000,0x000000cc32080000)]
  0x000000cc1abc9000 JavaThread "Finalizer" daemon [_thread_blocked, id=4200, stack(0x000000cc31a80000,0x000000cc31b80000)]
  0x000000cc2fb9c000 JavaThread "Reference Handler" daemon [_thread_blocked, id=6448, stack(0x000000cc31980000,0x000000cc31a80000)]
  0x000000cc1aad4800 JavaThread "main" [_thread_blocked, id=12532, stack(0x000000cc18f90000,0x000000cc19090000)]

Other Threads:
  0x000000cc2fb98800 VMThread [stack: 0x000000cc31880000,0x000000cc31980000] [id=2348]
  0x000000cc31c4e800 WatcherThread [stack: 0x000000cc32680000,0x000000cc32780000] [id=3880]

VM state:not at safepoint (normal execution)

VM Mutex/Monitor currently owned by a thread: None

Heap:
 PSYoungGen      total 17920K, used 10014K [0x00000000d5b80000, 0x00000000d6e80000, 0x0000000100000000)
  eden space 16384K, 54% used [0x00000000d5b80000,0x00000000d642b838,0x00000000d6b80000)
  from space 1536K, 73% used [0x00000000d6d00000,0x00000000d6e1c010,0x00000000d6e80000)
  to   space 1536K, 0% used [0x00000000d6b80000,0x00000000d6b80000,0x00000000d6d00000)
 ParOldGen       total 129536K, used 3670K [0x0000000081200000, 0x0000000089080000, 0x00000000d5b80000)
  object space 129536K, 2% used [0x0000000081200000,0x0000000081595870,0x0000000089080000)
 Metaspace       used 15363K, capacity 15534K, committed 15616K, reserved 1062912K
  class space    used 1971K, capacity 2018K, committed 2048K, reserved 1048576K

Card table byte_map: [0x000000cc29f90000,0x000000cc2a390000] byte_map_base: 0x000000cc29b87000

Marking Bits: (ParMarkBitMap*) 0x00000000764b13b0
 Begin Bits: [0x000000cc2ae40000, 0x000000cc2cdf8000)
 End Bits:   [0x000000cc2cdf8000, 0x000000cc2edb0000)

Polling page: 0x000000cc1aa40000

CodeCache: size=245760Kb used=3961Kb max_used=3973Kb free=241798Kb
 bounds [0x000000cc1abd0000, 0x000000cc1afc0000, 0x000000cc29bd0000]
 total_blobs=1509 nmethods=1063 adapters=360
 compilation: enabled

Compilation events (10 events):
Event: 2.071 Thread 0x000000cc31bc1800 1059       3       tcl.lang.TclParse::grabToken (50 bytes)
Event: 2.072 Thread 0x000000cc31bc1800 nmethod 1059 0x000000cc1afa6150 code [0x000000cc1afa62c0, 0x000000cc1afa65d8]
Event: 2.072 Thread 0x000000cc31bc1800 1060       3       tcl.lang.TclParse::releaseToken (47 bytes)
Event: 2.072 Thread 0x000000cc31bc1800 nmethod 1060 0x000000cc1afa5b50 code [0x000000cc1afa5cc0, 0x000000cc1afa5ff8]
Event: 2.072 Thread 0x000000cc31bc1800 1061       3       tcl.lang.TclObject::preserve (29 bytes)
Event: 2.072 Thread 0x000000cc31bc1800 nmethod 1061 0x000000cc1afa5250 code [0x000000cc1afa5400, 0x000000cc1afa59c0]
Event: 2.072 Thread 0x000000cc31bc1800 1062       3       tcl.lang.TclObject::_preserve (11 bytes)
Event: 2.072 Thread 0x000000cc31bc1800 nmethod 1062 0x000000cc1afa4f10 code [0x000000cc1afa5060, 0x000000cc1afa51b8]
Event: 2.073 Thread 0x000000cc31bb1000 1063       4       java.util.regex.Matcher::match (109 bytes)
Event: 2.076 Thread 0x000000cc31bb1000 nmethod 1063 0x000000cc1afb2850 code [0x000000cc1afb29a0, 0x000000cc1afb2bd8]

GC Heap History (10 events):
Event: 0.522 GC heap before
{Heap before GC invocations=10 (full 0):
 PSYoungGen      total 5120K, used 4883K [0x00000000d5b80000, 0x00000000d6400000, 0x0000000100000000)
  eden space 4096K, 100% used [0x00000000d5b80000,0x00000000d5f80000,0x00000000d5f80000)
  from space 1024K, 76% used [0x00000000d5f80000,0x00000000d6044f20,0x00000000d6080000)
  to   space 1024K, 0% used [0x00000000d6300000,0x00000000d6300000,0x00000000d6400000)
 ParOldGen       total 129536K, used 1348K [0x0000000081200000, 0x0000000089080000, 0x00000000d5b80000)
  object space 129536K, 1% used [0x0000000081200000,0x00000000813510b0,0x0000000089080000)
 Metaspace       used 8285K, capacity 8442K, committed 8576K, reserved 1056768K
  class space    used 1018K, capacity 1083K, committed 1152K, reserved 1048576K
Event: 0.524 GC heap after
Heap after GC invocations=10 (full 0):
 PSYoungGen      total 7168K, used 1024K [0x00000000d5b80000, 0x00000000d6500000, 0x0000000100000000)
  eden space 6144K, 0% used [0x00000000d5b80000,0x00000000d5b80000,0x00000000d6180000)
  from space 1024K, 100% used [0x00000000d6300000,0x00000000d6400000,0x00000000d6400000)
  to   space 1536K, 0% used [0x00000000d6180000,0x00000000d6180000,0x00000000d6300000)
 ParOldGen       total 129536K, used 1783K [0x0000000081200000, 0x0000000089080000, 0x00000000d5b80000)
  object space 129536K, 1% used [0x0000000081200000,0x00000000813bde78,0x0000000089080000)
 Metaspace       used 8285K, capacity 8442K, committed 8576K, reserved 1056768K
  class space    used 1018K, capacity 1083K, committed 1152K, reserved 1048576K
}
Event: 0.580 GC heap before
{Heap before GC invocations=11 (full 0):
 PSYoungGen      total 7168K, used 7168K [0x00000000d5b80000, 0x00000000d6500000, 0x0000000100000000)
  eden space 6144K, 100% used [0x00000000d5b80000,0x00000000d6180000,0x00000000d6180000)
  from space 1024K, 100% used [0x00000000d6300000,0x00000000d6400000,0x00000000d6400000)
  to   space 1536K, 0% used [0x00000000d6180000,0x00000000d6180000,0x00000000d6300000)
 ParOldGen       total 129536K, used 1783K [0x0000000081200000, 0x0000000089080000, 0x00000000d5b80000)
  object space 129536K, 1% used [0x0000000081200000,0x00000000813bde78,0x0000000089080000)
 Metaspace       used 8831K, capacity 8922K, committed 9088K, reserved 1056768K
  class space    used 1096K, capacity 1115K, committed 1152K, reserved 1048576K
Event: 0.582 GC heap after
Heap after GC invocations=11 (full 0):
 PSYoungGen      total 7680K, used 736K [0x00000000d5b80000, 0x00000000d6880000, 0x0000000100000000)
  eden space 6144K, 0% used [0x00000000d5b80000,0x00000000d5b80000,0x00000000d6180000)
  from space 1536K, 47% used [0x00000000d6180000,0x00000000d6238000,0x00000000d6300000)
  to   space 1536K, 0% used [0x00000000d6700000,0x00000000d6700000,0x00000000d6880000)
 ParOldGen       total 129536K, used 2709K [0x0000000081200000, 0x0000000089080000, 0x00000000d5b80000)
  object space 129536K, 2% used [0x0000000081200000,0x00000000814a57f0,0x0000000089080000)
 Metaspace       used 8831K, capacity 8922K, committed 9088K, reserved 1056768K
  class space    used 1096K, capacity 1115K, committed 1152K, reserved 1048576K
}
Event: 0.866 GC heap before
{Heap before GC invocations=12 (full 0):
 PSYoungGen      total 7680K, used 6880K [0x00000000d5b80000, 0x00000000d6880000, 0x0000000100000000)
  eden space 6144K, 100% used [0x00000000d5b80000,0x00000000d6180000,0x00000000d6180000)
  from space 1536K, 47% used [0x00000000d6180000,0x00000000d6238000,0x00000000d6300000)
  to   space 1536K, 0% used [0x00000000d6700000,0x00000000d6700000,0x00000000d6880000)
 ParOldGen       total 129536K, used 2709K [0x0000000081200000, 0x0000000089080000, 0x00000000d5b80000)
  object space 129536K, 2% used [0x0000000081200000,0x00000000814a57f0,0x0000000089080000)
 Metaspace       used 9972K, capacity 10138K, committed 10368K, reserved 1058816K
  class space    used 1236K, capacity 1307K, committed 1408K, reserved 1048576K
Event: 0.867 GC heap after
Heap after GC invocations=12 (full 0):
 PSYoungGen      total 11776K, used 965K [0x00000000d5b80000, 0x00000000d6880000, 0x0000000100000000)
  eden space 10240K, 0% used [0x00000000d5b80000,0x00000000d5b80000,0x00000000d6580000)
  from space 1536K, 62% used [0x00000000d6700000,0x00000000d67f1718,0x00000000d6880000)
  to   space 1536K, 0% used [0x00000000d6580000,0x00000000d6580000,0x00000000d6700000)
 ParOldGen       total 129536K, used 2938K [0x0000000081200000, 0x0000000089080000, 0x00000000d5b80000)
  object space 129536K, 2% used [0x0000000081200000,0x00000000814de840,0x0000000089080000)
 Metaspace       used 9972K, capacity 10138K, committed 10368K, reserved 1058816K
  class space    used 1236K, capacity 1307K, committed 1408K, reserved 1048576K
}
Event: 0.975 GC heap before
{Heap before GC invocations=13 (full 0):
 PSYoungGen      total 11776K, used 11205K [0x00000000d5b80000, 0x00000000d6880000, 0x0000000100000000)
  eden space 10240K, 100% used [0x00000000d5b80000,0x00000000d6580000,0x00000000d6580000)
  from space 1536K, 62% used [0x00000000d6700000,0x00000000d67f1718,0x00000000d6880000)
  to   space 1536K, 0% used [0x00000000d6580000,0x00000000d6580000,0x00000000d6700000)
 ParOldGen       total 129536K, used 2938K [0x0000000081200000, 0x0000000089080000, 0x00000000d5b80000)
  object space 129536K, 2% used [0x0000000081200000,0x00000000814de840,0x0000000089080000)
 Metaspace       used 11494K, capacity 11654K, committed 11776K, reserved 1058816K
  class space    used 1479K, capacity 1534K, committed 1536K, reserved 1048576K
Event: 0.977 GC heap after
Heap after GC invocations=13 (full 0):
 PSYoungGen      total 11776K, used 928K [0x00000000d5b80000, 0x00000000d6e80000, 0x0000000100000000)
  eden space 10240K, 0% used [0x00000000d5b80000,0x00000000d5b80000,0x00000000d6580000)
  from space 1536K, 60% used [0x00000000d6580000,0x00000000d6668000,0x00000000d6700000)
  to   space 1536K, 0% used [0x00000000d6d00000,0x00000000d6d00000,0x00000000d6e80000)
 ParOldGen       total 129536K, used 3310K [0x0000000081200000, 0x0000000089080000, 0x00000000d5b80000)
  object space 129536K, 2% used [0x0000000081200000,0x000000008153b860,0x0000000089080000)
 Metaspace       used 11494K, capacity 11654K, committed 11776K, reserved 1058816K
  class space    used 1479K, capacity 1534K, committed 1536K, reserved 1048576K
}
Event: 1.244 GC heap before
{Heap before GC invocations=14 (full 0):
 PSYoungGen      total 11776K, used 11168K [0x00000000d5b80000, 0x00000000d6e80000, 0x0000000100000000)
  eden space 10240K, 100% used [0x00000000d5b80000,0x00000000d6580000,0x00000000d6580000)
  from space 1536K, 60% used [0x00000000d6580000,0x00000000d6668000,0x00000000d6700000)
  to   space 1536K, 0% used [0x00000000d6d00000,0x00000000d6d00000,0x00000000d6e80000)
 ParOldGen       total 129536K, used 3310K [0x0000000081200000, 0x0000000089080000, 0x00000000d5b80000)
  object space 129536K, 2% used [0x0000000081200000,0x000000008153b860,0x0000000089080000)
 Metaspace       used 14399K, capacity 14508K, committed 14720K, reserved 1062912K
  class space    used 1847K, capacity 1888K, committed 1920K, reserved 1048576K
Event: 1.245 GC heap after
Heap after GC invocations=14 (full 0):
 PSYoungGen      total 17920K, used 1136K [0x00000000d5b80000, 0x00000000d6e80000, 0x0000000100000000)
  eden space 16384K, 0% used [0x00000000d5b80000,0x00000000d5b80000,0x00000000d6b80000)
  from space 1536K, 73% used [0x00000000d6d00000,0x00000000d6e1c010,0x00000000d6e80000)
  to   space 1536K, 0% used [0x00000000d6b80000,0x00000000d6b80000,0x00000000d6d00000)
 ParOldGen       total 129536K, used 3670K [0x0000000081200000, 0x0000000089080000, 0x00000000d5b80000)
  object space 129536K, 2% used [0x0000000081200000,0x0000000081595870,0x0000000089080000)
 Metaspace       used 14399K, capacity 14508K, committed 14720K, reserved 1062912K
  class space    used 1847K, capacity 1888K, committed 1920K, reserved 1048576K
}

Deoptimization events (10 events):
Event: 0.355 Thread 0x000000cc1aad4800 Uncommon trap: reason=class_check action=maybe_recompile pc=0x000000cc1ad9e950 method=sun.misc.URLClassPath.getLoader(I)Lsun/misc/URLClassPath$Loader; @ 150
Event: 0.355 Thread 0x000000cc1aad4800 Uncommon trap: reason=class_check action=maybe_recompile pc=0x000000cc1ad9e950 method=sun.misc.URLClassPath.getLoader(I)Lsun/misc/URLClassPath$Loader; @ 150
Event: 0.514 Thread 0x000000cc1aad4800 Uncommon trap: reason=unreached action=reinterpret pc=0x000000cc1ae4bcec method=java.util.HashMap.hash(Ljava/lang/Object;)I @ 1
Event: 0.668 Thread 0x000000cc1aad4800 Uncommon trap: reason=unloaded action=reinterpret pc=0x000000cc1aeaf7e8 method=org.quickserver.net.server.QuickServer.startServer()V @ 809
Event: 1.130 Thread 0x000000cc32e62800 Uncommon trap: reason=unreached action=reinterpret pc=0x000000cc1adca2f0 method=java.lang.AbstractStringBuilder.append(Ljava/lang/String;)Ljava/lang/AbstractStringBuilder; @ 1
Event: 1.170 Thread 0x000000cc32e62800 Uncommon trap: reason=unreached action=reinterpret pc=0x000000cc1adb96d0 method=java.lang.AbstractStringBuilder.append(Ljava/lang/String;)Ljava/lang/AbstractStringBuilder; @ 1
Event: 2.024 Thread 0x000000cc31f5a000 Uncommon trap: reason=bimorphic action=maybe_recompile pc=0x000000cc1af74600 method=java.util.regex.Matcher.match(II)Z @ 86
Event: 2.024 Thread 0x000000cc31f5a000 Uncommon trap: reason=bimorphic action=maybe_recompile pc=0x000000cc1af74600 method=java.util.regex.Matcher.match(II)Z @ 86
Event: 2.024 Thread 0x000000cc31f5a000 Uncommon trap: reason=bimorphic action=maybe_recompile pc=0x000000cc1af74600 method=java.util.regex.Matcher.match(II)Z @ 86
Event: 2.024 Thread 0x000000cc31f5a000 Uncommon trap: reason=bimorphic action=maybe_recompile pc=0x000000cc1af74600 method=java.util.regex.Matcher.match(II)Z @ 86

Internal exceptions (10 events):
Event: 2.067 Thread 0x000000cc34288800 Exception <a 'java/security/PrivilegedActionException'> (0x00000000d63a3288) thrown at [D:\re\workspace\8-2-build-windows-amd64-cygwin\jdk8u5\2488\hotspot\src\share\vm\prims\jvm.cpp, line 1248]
Event: 2.067 Thread 0x000000cc34288800 Exception <a 'java/security/PrivilegedActionException'> (0x00000000d63a8228) thrown at [D:\re\workspace\8-2-build-windows-amd64-cygwin\jdk8u5\2488\hotspot\src\share\vm\prims\jvm.cpp, line 1248]
Event: 2.067 Thread 0x000000cc34288800 Exception <a 'java/security/PrivilegedActionException'> (0x00000000d63b0758) thrown at [D:\re\workspace\8-2-build-windows-amd64-cygwin\jdk8u5\2488\hotspot\src\share\vm\prims\jvm.cpp, line 1248]
Event: 2.068 Thread 0x000000cc34288800 Exception <a 'java/security/PrivilegedActionException'> (0x00000000d63b5140) thrown at [D:\re\workspace\8-2-build-windows-amd64-cygwin\jdk8u5\2488\hotspot\src\share\vm\prims\jvm.cpp, line 1248]
Event: 2.068 Thread 0x000000cc34288800 Exception <a 'java/security/PrivilegedActionException'> (0x00000000d63baa50) thrown at [D:\re\workspace\8-2-build-windows-amd64-cygwin\jdk8u5\2488\hotspot\src\share\vm\prims\jvm.cpp, line 1248]
Event: 2.069 Thread 0x000000cc34288800 Exception <a 'java/security/PrivilegedActionException'> (0x00000000d63c4f18) thrown at [D:\re\workspace\8-2-build-windows-amd64-cygwin\jdk8u5\2488\hotspot\src\share\vm\prims\jvm.cpp, line 1248]
Event: 2.069 Thread 0x000000cc34288800 Exception <a 'java/security/PrivilegedActionException'> (0x00000000d63ca6d8) thrown at [D:\re\workspace\8-2-build-windows-amd64-cygwin\jdk8u5\2488\hotspot\src\share\vm\prims\jvm.cpp, line 1248]
Event: 2.070 Thread 0x000000cc34288800 Exception <a 'java/security/PrivilegedActionException'> (0x00000000d63e6bb0) thrown at [D:\re\workspace\8-2-build-windows-amd64-cygwin\jdk8u5\2488\hotspot\src\share\vm\prims\jvm.cpp, line 1248]
Event: 2.072 Thread 0x000000cc34288800 Exception <a 'java/security/PrivilegedActionException'> (0x00000000d6409100) thrown at [D:\re\workspace\8-2-build-windows-amd64-cygwin\jdk8u5\2488\hotspot\src\share\vm\prims\jvm.cpp, line 1248]
Event: 2.073 Thread 0x000000cc34288800 Exception <a 'java/security/PrivilegedActionException'> (0x00000000d64153a0) thrown at [D:\re\workspace\8-2-build-windows-amd64-cygwin\jdk8u5\2488\hotspot\src\share\vm\prims\jvm.cpp, line 1248]

Events (10 events):
Event: 2.069 loading class tcl/lang/ProcCmd
Event: 2.069 loading class tcl/lang/ProcCmd done
Event: 2.069 loading class tcl/lang/Procedure
Event: 2.069 loading class tcl/lang/Procedure done
Event: 2.070 loading class tcl/lang/StringCmd
Event: 2.070 loading class tcl/lang/StringCmd done
Event: 2.072 loading class com/altera/tcl/interpreter/NativeTclWrapper
Event: 2.072 loading class com/altera/tcl/interpreter/NativeTclWrapper done
Event: 2.073 loading class com/altera/tcl/interpreter/NativeTclWrapper$1
Event: 2.073 loading class com/altera/tcl/interpreter/NativeTclWrapper$1 done


Dynamic libraries:
0x00007ff6a29b0000 - 0x00007ff6a29ea000 	c:\altera\14.1\quartus\sopc_builder\bin\system-console.exe
0x00007ffe974d0000 - 0x00007ffe9767c000 	C:\windows\SYSTEM32\ntdll.dll
0x00007ffe95e60000 - 0x00007ffe95f9e000 	C:\windows\system32\KERNEL32.DLL
0x00007ffe94980000 - 0x00007ffe94a95000 	C:\windows\system32\KERNELBASE.dll
0x00007ffe956d0000 - 0x00007ffe9577a000 	C:\windows\system32\ADVAPI32.dll
0x00007ffe94fd0000 - 0x00007ffe95147000 	C:\windows\system32\USER32.dll
0x00007ffe95b80000 - 0x00007ffe95c2a000 	C:\windows\system32\msvcrt.dll
0x00007ffe95d70000 - 0x00007ffe95dc9000 	C:\windows\SYSTEM32\sechost.dll
0x00007ffe95580000 - 0x00007ffe956c1000 	C:\windows\system32\RPCRT4.dll
0x00007ffe94cf0000 - 0x00007ffe94e41000 	C:\windows\system32\GDI32.dll
0x00007ffe95390000 - 0x00007ffe953c6000 	C:\windows\system32\IMM32.DLL
0x00007ffe95150000 - 0x00007ffe952a3000 	C:\windows\system32\MSCTF.dll
0x0000000075d00000 - 0x000000007652a000 	C:\altera\14.1\quartus\bin64\jre64\bin\server\jvm.dll
0x00007ffe8b480000 - 0x00007ffe8b489000 	C:\windows\SYSTEM32\WSOCK32.dll
0x00007ffe919f0000 - 0x00007ffe91a12000 	C:\windows\SYSTEM32\WINMM.dll
0x00007ffe95d60000 - 0x00007ffe95d67000 	C:\windows\system32\PSAPI.DLL
0x0000000051aa0000 - 0x0000000051b72000 	C:\windows\SYSTEM32\MSVCR100.dll
0x00007ffe94e50000 - 0x00007ffe94eaa000 	C:\windows\system32\WS2_32.dll
0x00007ffe91000000 - 0x00007ffe9102a000 	C:\windows\SYSTEM32\WINMMBASE.dll
0x00007ffe952b0000 - 0x00007ffe952b9000 	C:\windows\system32\NSI.dll
0x00007ffe946f0000 - 0x00007ffe9473f000 	C:\windows\SYSTEM32\cfgmgr32.dll
0x00007ffe932f0000 - 0x00007ffe93318000 	C:\windows\SYSTEM32\DEVOBJ.dll
0x00000000502c0000 - 0x00000000502cf000 	C:\altera\14.1\quartus\bin64\jre64\bin\verify.dll
0x0000000050290000 - 0x00000000502b8000 	C:\altera\14.1\quartus\bin64\jre64\bin\java.dll
0x0000000077d30000 - 0x0000000077d46000 	C:\altera\14.1\quartus\bin64\jre64\bin\zip.dll
0x00007ffe95fb0000 - 0x00007ffe974c8000 	C:\windows\system32\SHELL32.dll
0x00007ffe95780000 - 0x00007ffe95991000 	C:\windows\SYSTEM32\combase.dll
0x00007ffe95c30000 - 0x00007ffe95c84000 	C:\windows\system32\SHLWAPI.dll
0x00007ffe930e0000 - 0x00007ffe93192000 	C:\windows\SYSTEM32\SHCORE.dll
0x00007ffe94620000 - 0x00007ffe94635000 	C:\windows\SYSTEM32\profapi.dll
0x0000000075b60000 - 0x0000000075cf6000 	C:\altera\14.1\quartus\bin64\jre64\bin\awt.dll
0x00007ffe95c90000 - 0x00007ffe95d51000 	C:\windows\system32\OLEAUT32.dll
0x00007ffe931a0000 - 0x00007ffe9322e000 	C:\windows\system32\apphelp.dll
0x00007ffe91940000 - 0x00007ffe919e4000 	C:\windows\WinSxS\amd64_microsoft.windows.common-controls_6595b64144ccf1df_5.82.9600.17415_none_34aa3313958e7a52\COMCTL32.dll
0x00007ffe93320000 - 0x00007ffe93449000 	C:\windows\system32\uxtheme.dll
0x00007ffe92970000 - 0x00007ffe92991000 	C:\windows\system32\dwmapi.dll
0x00007ffe94b50000 - 0x00007ffe94ce4000 	C:\windows\system32\ole32.dll
0x00007ffe932e0000 - 0x00007ffe932eb000 	C:\windows\SYSTEM32\kernel.appcore.dll
0x00007ffe94560000 - 0x00007ffe9456b000 	C:\windows\SYSTEM32\CRYPTBASE.dll
0x00007ffe944f0000 - 0x00007ffe94553000 	C:\windows\SYSTEM32\bcryptPrimitives.dll
0x0000000077d10000 - 0x0000000077d2a000 	C:\altera\14.1\quartus\bin64\jre64\bin\net.dll
0x00007ffe93f00000 - 0x00007ffe93f59000 	C:\windows\system32\mswsock.dll
0x00007ffe8e840000 - 0x00007ffe8e86a000 	C:\windows\SYSTEM32\IPHLPAPI.DLL
0x00007ffe8e820000 - 0x00007ffe8e82a000 	C:\windows\SYSTEM32\WINNSI.DLL
0x00007ffe8e680000 - 0x00007ffe8e696000 	C:\windows\SYSTEM32\dhcpcsvc6.DLL
0x00007ffe8e660000 - 0x00007ffe8e67a000 	C:\windows\SYSTEM32\dhcpcsvc.DLL
0x00007ffe926e0000 - 0x00007ffe926e6000 	C:\altera\14.1\quartus\bin64\sld_utiljni.dll
0x00007ffe59e20000 - 0x00007ffe59f0f000 	C:\windows\SYSTEM32\MSVCR120.dll
0x00007ffe65350000 - 0x00007ffe65382000 	C:\altera\14.1\quartus\bin64\jtag_client.dll
0x00007ffe598e0000 - 0x00007ffe59986000 	C:\windows\SYSTEM32\MSVCP120.dll
0x00007ffe7e770000 - 0x00007ffe7e779000 	C:\altera\14.1\quartus\bin64\jtag_atlantic.dll
0x00007ffe5a650000 - 0x00007ffe5a668000 	C:\altera\14.1\quartus\bin64\pgm_gdb.dll
0x00007ffe7e760000 - 0x00007ffe7e76f000 	C:\altera\14.1\quartus\bin64\sld_jtagjni.dll
0x00007ffe85c40000 - 0x00007ffe85c55000 	C:\windows\system32\napinsp.dll
0x00007ffe85c20000 - 0x00007ffe85c3a000 	C:\windows\system32\pnrpnsp.dll
0x00007ffe900e0000 - 0x00007ffe900fb000 	C:\windows\system32\NLAapi.dll
0x00007ffe93d00000 - 0x00007ffe93da4000 	C:\windows\SYSTEM32\DNSAPI.dll
0x00007ffe85c10000 - 0x00007ffe85c1d000 	C:\windows\System32\winrnr.dll
0x00007ffe85bf0000 - 0x00007ffe85c04000 	C:\windows\system32\wshbth.dll
0x00000000505a0000 - 0x00000000505c6000 	C:\Program Files\Bonjour\mdnsNSP.dll
0x00007ffe8e260000 - 0x00007ffe8e26a000 	C:\Windows\System32\rasadhlp.dll
0x00007ffe8e6b0000 - 0x00007ffe8e71b000 	C:\windows\System32\fwpuclnt.dll
0x0000000077cc0000 - 0x0000000077d07000 	C:\altera\14.1\quartus\bin64\jre64\bin\fontmanager.dll
0x0000000077b60000 - 0x0000000077b71000 	C:\altera\14.1\quartus\bin64\jre64\bin\nio.dll
0x00007ffe7dc80000 - 0x00007ffe7dc88000 	C:\altera\14.1\quartus\bin64\sld_usbjni.dll
0x00007ffe959a0000 - 0x00007ffe95b7a000 	C:\windows\system32\SETUPAPI.dll
0x00007ffe94740000 - 0x00007ffe94791000 	C:\windows\system32\WINTRUST.dll
0x00007ffe947a0000 - 0x00007ffe9497f000 	C:\windows\system32\CRYPT32.dll
0x00007ffe946d0000 - 0x00007ffe946e1000 	C:\windows\system32\MSASN1.dll
0x0000000050100000 - 0x0000000050287000 	C:\altera\14.1\quartus\bin64\tcl86.dll
0x00007ffe90140000 - 0x00007ffe90156000 	C:\windows\SYSTEM32\NETAPI32.dll
0x00007ffe93860000 - 0x00007ffe9386c000 	C:\windows\SYSTEM32\netutils.dll
0x00007ffe94200000 - 0x00007ffe94226000 	C:\windows\SYSTEM32\srvcli.dll
0x00007ffe90100000 - 0x00007ffe90117000 	C:\windows\SYSTEM32\wkscli.dll
0x00007ffe8a8a0000 - 0x00007ffe8a8b7000 	C:\windows\SYSTEM32\SAMCLI.DLL
0x00007ffe93cc0000 - 0x00007ffe93cff000 	C:\windows\SYSTEM32\LOGONCLI.DLL
0x00007ffe7dcd0000 - 0x00007ffe7dcd9000 	C:\altera\14.1\quartus\bin64\tcl_jni_bridge.dll
0x00007ffe820d0000 - 0x00007ffe8225a000 	C:\windows\SYSTEM32\dbghelp.dll

VM Arguments:
java_command: <unknown>
java_class_path (initial): C:/altera/14.1/quartus/sopc_builder/model/lib\Nlview.jar;C:/altera/14.1/quartus/sopc_builder/model/lib\QuickServer.jar;C:/altera/14.1/quartus/sopc_builder/model/lib\TableLayout.jar;C:/altera/14.1/quartus/sopc_builder/model/lib\appframework-1.03.jar;C:/altera/14.1/quartus/sopc_builder/model/lib\asm-3.1.jar;C:/altera/14.1/quartus/sopc_builder/model/lib\asm-commons-3.1.jar;C:/altera/14.1/quartus/sopc_builder/model/lib\basicmodel.jar;C:/altera/14.1/quartus/sopc_builder/model/lib\beansbinding-1.2.1.jar;C:/altera/14.1/quartus/sopc_builder/model/lib\binding-2.0.6.jar;C:/altera/14.1/quartus/sopc_builder/model/lib\com.altera.componenteditor2.jar;C:/altera/14.1/quartus/sopc_builder/model/lib\com.altera.embeddedsw.app_lib.jar;C:/altera/14.1/quartus/sopc_builder/model/lib\com.altera.embeddedsw.bsp.editor.jar;C:/altera/14.1/quartus/sopc_builder/model/lib\com.altera.embeddedsw.bsp.elements.jar;C:/altera/14.1/quartus/sopc_builder/model/lib\com.altera.embeddedsw.bsp.jar;C:/altera/14.1/quartus/sopc_builder/model/lib\com.altera.embeddedsw.bsp.plugin.core.jar;C:/altera/14.1/quartus/sopc_builder/model/lib\com.altera.embeddedsw.bsp.plugin.hal.jar;C:/altera/14.1/quartus/sopc_builder/model/lib\com.altera.embeddedsw.bsp.plugin.lwhal.jar;C:/altera/14.1/quartus/sopc_builder/model/lib\com.altera.embeddedsw.bsp.schema.jar;C:/altera/14.1/quartus/sopc_builder/model/lib\com.altera.embeddedsw.bsp.scripting.jar;C:/altera/14.1/quartus/sopc_builder/model/lib\com.altera.embeddedsw.commandline.jar;C:/altera/14.1/quartus/sopc_builder/model/lib\com.altera.embeddedsw.cpexample.jar;C:/altera/14.1/quartus/sopc_builder/model/lib\com.altera.embeddedsw.flash.jar;C:/altera/14.1/quartus/sopc_builder/model/lib\com.altera.embeddedsw.launch.jar;C:/altera/14.1/quartus/sopc_builder/model/lib\com.altera.embeddedsw.swinfo.jar;C:/altera/14.1/quartus/sopc_builder/model/lib\com.altera.embeddedsw.utilities.jar;C:/altera/14.1/quartus/sopc_builder/model/lib\com.altera.entityinterfaces.jar;C:/alte
Launcher Type: generic

Environment Variables:
PATH=C:/altera/14.1/quartus/bin64;C:/altera/14.1/quartus/sopc_builder/model/lib;c:\altera\14.1\quartus\bin64\;c:\altera\14.1\quartus\bin64\;C:\Program Files (x86)\NVIDIA Corporation\PhysX\Common;C:\Program Files (x86)\Intel\iCLS Client\;C:\Program Files\Intel\iCLS Client\;C:\windows\system32;C:\windows;C:\windows\System32\Wbem;C:\windows\System32\WindowsPowerShell\v1.0\;C:\Program Files\Intel\WiFi\bin\;C:\Program Files\Common Files\Intel\WirelessCommon\;C:\Program Files (x86)\Windows Kits\8.1\Windows Performance Toolkit\;C:\Program Files\Microsoft SQL Server\110\Tools\Binn\;C:\OrCAD\OrCAD_16.6_Lite\tools\bin;C:\OrCAD\OrCAD_16.6_Lite\tools\specctra\bin;C:\OrCAD\OrCAD_16.6_Lite\tools\PSpice;C:\OrCAD\OrCAD_16.6_Lite\tools\Capture;C:\OrCAD\OrCAD_16.6_Lite\tools\fet\bin;C:\OrCAD\OrCAD_16.6_Lite\tools\pcb\bin;C:\OrCAD\OrCAD_16.6_Lite\OpenAccess\bin\win32\opt;C:\altera\14.1\modelsim_ase\win32aloem
USERNAME=Padraic
OS=Windows_NT
PROCESSOR_IDENTIFIER=Intel64 Family 6 Model 60 Stepping 3, GenuineIntel



---------------  S Y S T E M  ---------------

OS: Windows 8 , 64 bit Build 9200 

CPU:total 8 (4 cores per cpu, 2 threads per core) family 6 model 60 stepping 3, cmov, cx8, fxsr, mmx, sse, sse2, sse3, ssse3, sse4.1, sse4.2, popcnt, avx, avx2, aes, clmul, erms, ht, tsc, tscinvbit

Memory: 4k page, physical 8311064k(5068520k free), swap 16699672k(12297340k free)

vm_info: Java HotSpot(TM) 64-Bit Server VM (25.5-b02) for windows-amd64 JRE (1.8.0_05-b13), built on Mar 18 2014 01:08:39 by "java_re" with MS VC++ 10.0 (VS2010)

time: Sat Mar 07 19:11:56 2015
elapsed time: 2 seconds

