#
# A fatal error has been detected by the Java Runtime Environment:
#
#  EXCEPTION_ACCESS_VIOLATION (0xc0000005) at pc=0x00007ffe74711a86, pid=2344, tid=7848
#
# JRE version: Java(TM) SE Runtime Environment (8.0_05-b13) (build 1.8.0_05-b13)
# Java VM: Java HotSpot(TM) 64-Bit Server VM (25.5-b02 mixed mode windows-amd64 compressed oops)
# Problematic frame:
# C  [tcl_jni_bridge.dll+0x1a86]
#
# Failed to write core dump. Minidumps are not enabled by default on client versions of Windows
#
# If you would like to submit a bug report, please visit:
#   http://bugreport.sun.com/bugreport/crash.jsp
# The crash happened outside the Java Virtual Machine in native code.
# See problematic frame for where to report the bug.
#

---------------  T H R E A D  ---------------

Current thread (0x000000d05c822000):  JavaThread "Tcl Event Queue (id 1: /127.0.0.1.60993)" [_thread_in_native, id=7848, stack(0x000000d05ded0000,0x000000d05dfd0000)]

siginfo: ExceptionCode=0xc0000005, writing address 0x0000000043ede560

Registers:
RAX=0x0000000043ede560, RBX=0x0000000043ede560, RCX=0x000000d05c8221e0, RDX=0x000000d05dfcf3d0
RSP=0x000000d05dfcf2e0, RBP=0x0000000000000002, RSI=0x000000d05dfcf3d0, RDI=0x000000d05c8221e0
R8 =0x0000000000000042, R9 =0x00000000d6204098, R10=0x000000000000002c, R11=0x0000000076469230
R12=0x0000000000000000, R13=0x000000d060b55020, R14=0x000000d05dfcf3c8, R15=0x000000d05c822000
RIP=0x00007ffe74711a86, EFLAGS=0x0000000000010206

Top of Stack: (sp=0x000000d05dfcf2e0)
0x000000d05dfcf2e0:   000000d054787000 000000d0457e610f
0x000000d05dfcf2f0:   000000d05dbc3200 000000d05c822000
0x000000d05dfcf300:   000000d05dfcf3d0 000000d054787000
0x000000d05dfcf310:   00000000006b1021 000000d0457e6295
0x000000d05dfcf320:   000000d054787000 000000d060b55020
0x000000d05dfcf330:   000000d05dfcf3a0 000000d060b55020
0x000000d05dfcf340:   00000000006b1021 000000d05c822000
0x000000d05dfcf350:   000000d05dfcf478 000000d0457e5f7c
0x000000d05dfcf360:   000000d05dfcf360 000000d060b55020
0x000000d05dfcf370:   000000d05dfcf3d0 000000d060b569c0
0x000000d05dfcf380:   0000000000000000 000000d060b55020
0x000000d05dfcf390:   0000000000000000 000000d05dfcf3c0
0x000000d05dfcf3a0:   000000d05dfcf428 000000d0457d7380
0x000000d05dfcf3b0:   0000000000000000 000000d0457df998
0x000000d05dfcf3c0:   0000000000000002 00000000d5eaccb0
0x000000d05dfcf3d0:   00000000d6204098 0000000000000001 

Instructions: (pc=0x00007ffe74711a86)
0x00007ffe74711a66:   8b f0 4c 8b 05 79 46 00 00 41 8b e9 48 8b f2 48
0x00007ffe74711a76:   8b f9 ff 90 28 03 00 00 48 8b d8 48 85 c0 74 09
0x00007ffe74711a86:   48 89 38 48 89 70 08 eb 08 48 8b cf e8 39 05 00
0x00007ffe74711a96:   00 48 8b 07 48 8b d6 48 8b cf ff 90 f8 00 00 00 


Register to memory mapping:

RAX=0x0000000043ede560 is an unknown value
RBX=0x0000000043ede560 is an unknown value
RCX=0x000000d05c8221e0 is an unknown value
RDX=0x000000d05dfcf3d0 is pointing into the stack for thread: 0x000000d05c822000
RSP=0x000000d05dfcf2e0 is pointing into the stack for thread: 0x000000d05c822000
RBP=0x0000000000000002 is an unknown value
RSI=0x000000d05dfcf3d0 is pointing into the stack for thread: 0x000000d05c822000
RDI=0x000000d05c8221e0 is an unknown value
R8 =0x0000000000000042 is an unknown value
R9 =0x00000000d6204098 is an oop
com.altera.tcl.interpreter.NativeTclWrapper 
 - klass: 'com/altera/tcl/interpreter/NativeTclWrapper'
R10=0x000000000000002c is an unknown value
R11=0x0000000076469230 is an unknown value
R12=0x0000000000000000 is an unknown value
R13=0x000000d060b55020 is an unknown value
R14=0x000000d05dfcf3c8 is pointing into the stack for thread: 0x000000d05c822000
R15=0x000000d05c822000 is a thread


Stack: [0x000000d05ded0000,0x000000d05dfd0000],  sp=0x000000d05dfcf2e0,  free space=1020k
Native frames: (J=compiled Java code, j=interpreted, Vv=VM code, C=native code)
C  [tcl_jni_bridge.dll+0x1a86]
C  0x000000d0457e6295

Java frames: (J=compiled Java code, j=interpreted, Vv=VM code)
j  com.altera.tcl.interpreter.NativeTclWrapper.setupTclOutputChannel0(Ljava/lang/String;I)V+0
j  com.altera.tcl.interpreter.NativeTclWrapper.<init>(Lcom/altera/tcl/interpreter/NativeTCLInterpreter;)V+134
j  com.altera.tcl.interpreter.NativeTCLInterpreter.sanityCheck()V+18
j  com.altera.tcl.interpreter.NativeTCLInterpreter.setScalarVariable(Ljava/lang/String;Ljava/lang/String;)Z+1
j  com.altera.tcl.interpreter.InterpreterInstantiator.createTclInterpreter(Ljava/util/List;Z)V+58
j  com.altera.tcl.interpreter.InterpreterInstantiator.access$000(Lcom/altera/tcl/interpreter/InterpreterInstantiator;Ljava/util/List;Z)V+3
j  com.altera.tcl.interpreter.InterpreterInstantiator$1.run()V+16
j  java.lang.Thread.run()V+11
v  ~StubRoutines::call_stub

---------------  P R O C E S S  ---------------

Java Threads: ( => current thread )
=>0x000000d05c822000 JavaThread "Tcl Event Queue (id 1: /127.0.0.1.60993)" [_thread_in_native, id=7848, stack(0x000000d05ded0000,0x000000d05dfd0000)]
  0x000000d05dabe800 JavaThread "USB Cable scanner" [_thread_blocked, id=5044, stack(0x000000d060910000,0x000000d060a10000)]
  0x000000d05dab7800 JavaThread "Timer-0" daemon [_thread_blocked, id=4456, stack(0x000000d060610000,0x000000d060710000)]
  0x000000d05d926800 JavaThread "<ClientThread-Pool#1-ID:1>" [_thread_blocked, id=6908, stack(0x000000d05eca0000,0x000000d05eda0000)]
  0x000000d05d805000 JavaThread "QuickServer - System Console RPC" [_thread_in_native, id=11040, stack(0x000000d05eba0000,0x000000d05eca0000)]
  0x000000d05d75a000 JavaThread "AWT-Windows" daemon [_thread_in_native, id=10112, stack(0x000000d05dfd0000,0x000000d05e0d0000)]
  0x000000d05d792000 JavaThread "Java2D Disposer" daemon [_thread_blocked, id=8100, stack(0x000000d05ddd0000,0x000000d05ded0000)]
  0x000000d05d498800 JavaThread "SystemConsoleEventThread Event Queue" [_thread_blocked, id=4228, stack(0x000000d05dbe0000,0x000000d05dce0000)]
  0x000000d05c8aa000 JavaThread "Service Thread" daemon [_thread_blocked, id=7904, stack(0x000000d05d1e0000,0x000000d05d2e0000)]
  0x000000d05c81e800 JavaThread "C1 CompilerThread3" daemon [_thread_blocked, id=11700, stack(0x000000d05d0e0000,0x000000d05d1e0000)]
  0x000000d05c81d800 JavaThread "C2 CompilerThread2" daemon [_thread_blocked, id=12516, stack(0x000000d05cfe0000,0x000000d05d0e0000)]
  0x000000d05c816800 JavaThread "C2 CompilerThread1" daemon [_thread_blocked, id=11404, stack(0x000000d05cee0000,0x000000d05cfe0000)]
  0x000000d05c810800 JavaThread "C2 CompilerThread0" daemon [_thread_blocked, id=12948, stack(0x000000d05cde0000,0x000000d05cee0000)]
  0x000000d05c80f800 JavaThread "Attach Listener" daemon [_thread_blocked, id=5792, stack(0x000000d05cce0000,0x000000d05cde0000)]
  0x000000d05c80e800 JavaThread "Signal Dispatcher" daemon [_thread_blocked, id=13296, stack(0x000000d05cbe0000,0x000000d05cce0000)]
  0x000000d0457ca000 JavaThread "Finalizer" daemon [_thread_blocked, id=8972, stack(0x000000d05c6e0000,0x000000d05c7e0000)]
  0x000000d05a7cc000 JavaThread "Reference Handler" daemon [_thread_blocked, id=8652, stack(0x000000d05c5e0000,0x000000d05c6e0000)]
  0x000000d0456d4800 JavaThread "main" [_thread_blocked, id=4216, stack(0x000000d043bc0000,0x000000d043cc0000)]

Other Threads:
  0x000000d05a7c9000 VMThread [stack: 0x000000d05c4e0000,0x000000d05c5e0000] [id=11796]
  0x000000d05c8c5800 WatcherThread [stack: 0x000000d05d2e0000,0x000000d05d3e0000] [id=9460]

VM state:not at safepoint (normal execution)

VM Mutex/Monitor currently owned by a thread: None

Heap:
 PSYoungGen      total 20992K, used 8057K [0x00000000d5b80000, 0x00000000d7200000, 0x0000000100000000)
  eden space 18944K, 35% used [0x00000000d5b80000,0x00000000d62101a8,0x00000000d6e00000)
  from space 2048K, 65% used [0x00000000d7000000,0x00000000d714e508,0x00000000d7200000)
  to   space 2048K, 0% used [0x00000000d6e00000,0x00000000d6e00000,0x00000000d7000000)
 ParOldGen       total 129536K, used 3645K [0x0000000081200000, 0x0000000089080000, 0x00000000d5b80000)
  object space 129536K, 2% used [0x0000000081200000,0x000000008158f660,0x0000000089080000)
 Metaspace       used 15463K, capacity 15626K, committed 16000K, reserved 1062912K
  class space    used 1981K, capacity 2050K, committed 2176K, reserved 1048576K

Card table byte_map: [0x000000d054b90000,0x000000d054f90000] byte_map_base: 0x000000d054787000

Marking Bits: (ParMarkBitMap*) 0x00000000764713b0
 Begin Bits: [0x000000d055a40000, 0x000000d0579f8000)
 End Bits:   [0x000000d0579f8000, 0x000000d0599b0000)

Polling page: 0x000000d043e40000

CodeCache: size=245760Kb used=3969Kb max_used=3975Kb free=241790Kb
 bounds [0x000000d0457d0000, 0x000000d045bc0000, 0x000000d0547d0000]
 total_blobs=1526 nmethods=1079 adapters=361
 compilation: enabled

Compilation events (10 events):
Event: 2.060 Thread 0x000000d05c81e800 nmethod 1075 0x000000d045ba9610 code [0x000000d045ba9780, 0x000000d045ba99d0]
Event: 2.061 Thread 0x000000d05c816800 nmethod 1073 0x000000d045bb2ed0 code [0x000000d045bb3020, 0x000000d045bb3188]
Event: 2.063 Thread 0x000000d05c81e800 1076       3       tcl.lang.TclParse::grabToken (50 bytes)
Event: 2.063 Thread 0x000000d05c81e800 nmethod 1076 0x000000d045ba8a50 code [0x000000d045ba8bc0, 0x000000d045ba8ed8]
Event: 2.063 Thread 0x000000d05c81e800 1077       3       tcl.lang.TclParse::releaseToken (47 bytes)
Event: 2.064 Thread 0x000000d05c81e800 nmethod 1077 0x000000d045ba8450 code [0x000000d045ba85c0, 0x000000d045ba88f8]
Event: 2.064 Thread 0x000000d05c81e800 1078       3       tcl.lang.TclObject::preserve (29 bytes)
Event: 2.064 Thread 0x000000d05c81e800 nmethod 1078 0x000000d045ba7b50 code [0x000000d045ba7d00, 0x000000d045ba82c0]
Event: 2.064 Thread 0x000000d05c81e800 1079       3       tcl.lang.TclObject::_preserve (11 bytes)
Event: 2.064 Thread 0x000000d05c81e800 nmethod 1079 0x000000d045ba7810 code [0x000000d045ba7960, 0x000000d045ba7ab8]

GC Heap History (10 events):
Event: 0.522 GC heap before
{Heap before GC invocations=8 (full 0):
 PSYoungGen      total 5120K, used 4467K [0x00000000d5b80000, 0x00000000d6580000, 0x0000000100000000)
  eden space 3584K, 100% used [0x00000000d5b80000,0x00000000d5f00000,0x00000000d5f00000)
  from space 1536K, 57% used [0x00000000d5f00000,0x00000000d5fdcf20,0x00000000d6080000)
  to   space 1536K, 0% used [0x00000000d6400000,0x00000000d6400000,0x00000000d6580000)
 ParOldGen       total 129536K, used 1261K [0x0000000081200000, 0x0000000089080000, 0x00000000d5b80000)
  object space 129536K, 0% used [0x0000000081200000,0x000000008133b638,0x0000000089080000)
 Metaspace       used 7597K, capacity 7734K, committed 7936K, reserved 1056768K
  class space    used 897K, capacity 955K, committed 1024K, reserved 1048576K
Event: 0.524 GC heap after
Heap after GC invocations=8 (full 0):
 PSYoungGen      total 8704K, used 1216K [0x00000000d5b80000, 0x00000000d6580000, 0x0000000100000000)
  eden space 7168K, 0% used [0x00000000d5b80000,0x00000000d5b80000,0x00000000d6280000)
  from space 1536K, 79% used [0x00000000d6400000,0x00000000d6530000,0x00000000d6580000)
  to   space 1536K, 0% used [0x00000000d6280000,0x00000000d6280000,0x00000000d6400000)
 ParOldGen       total 129536K, used 1493K [0x0000000081200000, 0x0000000089080000, 0x00000000d5b80000)
  object space 129536K, 1% used [0x0000000081200000,0x0000000081375638,0x0000000089080000)
 Metaspace       used 7597K, capacity 7734K, committed 7936K, reserved 1056768K
  class space    used 897K, capacity 955K, committed 1024K, reserved 1048576K
}
Event: 0.600 GC heap before
{Heap before GC invocations=9 (full 0):
 PSYoungGen      total 8704K, used 8384K [0x00000000d5b80000, 0x00000000d6580000, 0x0000000100000000)
  eden space 7168K, 100% used [0x00000000d5b80000,0x00000000d6280000,0x00000000d6280000)
  from space 1536K, 79% used [0x00000000d6400000,0x00000000d6530000,0x00000000d6580000)
  to   space 1536K, 0% used [0x00000000d6280000,0x00000000d6280000,0x00000000d6400000)
 ParOldGen       total 129536K, used 1493K [0x0000000081200000, 0x0000000089080000, 0x00000000d5b80000)
  object space 129536K, 1% used [0x0000000081200000,0x0000000081375638,0x0000000089080000)
 Metaspace       used 8513K, capacity 8598K, committed 8832K, reserved 1056768K
  class space    used 1056K, capacity 1115K, committed 1152K, reserved 1048576K
Event: 0.603 GC heap after
Heap after GC invocations=9 (full 0):
 PSYoungGen      total 8704K, used 1529K [0x00000000d5b80000, 0x00000000d6b00000, 0x0000000100000000)
  eden space 7168K, 0% used [0x00000000d5b80000,0x00000000d5b80000,0x00000000d6280000)
  from space 1536K, 99% used [0x00000000d6280000,0x00000000d63fe7a0,0x00000000d6400000)
  to   space 2048K, 0% used [0x00000000d6900000,0x00000000d6900000,0x00000000d6b00000)
 ParOldGen       total 129536K, used 1731K [0x0000000081200000, 0x0000000089080000, 0x00000000d5b80000)
  object space 129536K, 1% used [0x0000000081200000,0x00000000813b0f70,0x0000000089080000)
 Metaspace       used 8513K, capacity 8598K, committed 8832K, reserved 1056768K
  class space    used 1056K, capacity 1115K, committed 1152K, reserved 1048576K
}
Event: 0.877 GC heap before
{Heap before GC invocations=10 (full 0):
 PSYoungGen      total 8704K, used 8697K [0x00000000d5b80000, 0x00000000d6b00000, 0x0000000100000000)
  eden space 7168K, 100% used [0x00000000d5b80000,0x00000000d6280000,0x00000000d6280000)
  from space 1536K, 99% used [0x00000000d6280000,0x00000000d63fe7a0,0x00000000d6400000)
  to   space 2048K, 0% used [0x00000000d6900000,0x00000000d6900000,0x00000000d6b00000)
 ParOldGen       total 129536K, used 1731K [0x0000000081200000, 0x0000000089080000, 0x00000000d5b80000)
  object space 129536K, 1% used [0x0000000081200000,0x00000000813b0f70,0x0000000089080000)
 Metaspace       used 9965K, capacity 10134K, committed 10368K, reserved 1058816K
  class space    used 1237K, capacity 1307K, committed 1408K, reserved 1048576K
Event: 0.881 GC heap after
Heap after GC invocations=10 (full 0):
 PSYoungGen      total 13824K, used 1483K [0x00000000d5b80000, 0x00000000d6b00000, 0x0000000100000000)
  eden space 11776K, 0% used [0x00000000d5b80000,0x00000000d5b80000,0x00000000d6700000)
  from space 2048K, 72% used [0x00000000d6900000,0x00000000d6a72ec0,0x00000000d6b00000)
  to   space 2048K, 0% used [0x00000000d6700000,0x00000000d6700000,0x00000000d6900000)
 ParOldGen       total 129536K, used 2471K [0x0000000081200000, 0x0000000089080000, 0x00000000d5b80000)
  object space 129536K, 1% used [0x0000000081200000,0x0000000081469f80,0x0000000089080000)
 Metaspace       used 9965K, capacity 10134K, committed 10368K, reserved 1058816K
  class space    used 1237K, capacity 1307K, committed 1408K, reserved 1048576K
}
Event: 0.996 GC heap before
{Heap before GC invocations=11 (full 0):
 PSYoungGen      total 13824K, used 13259K [0x00000000d5b80000, 0x00000000d6b00000, 0x0000000100000000)
  eden space 11776K, 100% used [0x00000000d5b80000,0x00000000d6700000,0x00000000d6700000)
  from space 2048K, 72% used [0x00000000d6900000,0x00000000d6a72ec0,0x00000000d6b00000)
  to   space 2048K, 0% used [0x00000000d6700000,0x00000000d6700000,0x00000000d6900000)
 ParOldGen       total 129536K, used 2471K [0x0000000081200000, 0x0000000089080000, 0x00000000d5b80000)
  object space 129536K, 1% used [0x0000000081200000,0x0000000081469f80,0x0000000089080000)
 Metaspace       used 11577K, capacity 11778K, committed 12032K, reserved 1060864K
  class space    used 1483K, capacity 1534K, committed 1536K, reserved 1048576K
Event: 0.999 GC heap after
Heap after GC invocations=11 (full 0):
 PSYoungGen      total 13824K, used 1011K [0x00000000d5b80000, 0x00000000d7200000, 0x0000000100000000)
  eden space 11776K, 0% used [0x00000000d5b80000,0x00000000d5b80000,0x00000000d6700000)
  from space 2048K, 49% used [0x00000000d6700000,0x00000000d67fceb0,0x00000000d6900000)
  to   space 2048K, 0% used [0x00000000d7000000,0x00000000d7000000,0x00000000d7200000)
 ParOldGen       total 129536K, used 3229K [0x0000000081200000, 0x0000000089080000, 0x00000000d5b80000)
  object space 129536K, 2% used [0x0000000081200000,0x0000000081527650,0x0000000089080000)
 Metaspace       used 11577K, capacity 11778K, committed 12032K, reserved 1060864K
  class space    used 1483K, capacity 1534K, committed 1536K, reserved 1048576K
}
Event: 1.261 GC heap before
{Heap before GC invocations=12 (full 0):
 PSYoungGen      total 13824K, used 12787K [0x00000000d5b80000, 0x00000000d7200000, 0x0000000100000000)
  eden space 11776K, 100% used [0x00000000d5b80000,0x00000000d6700000,0x00000000d6700000)
  from space 2048K, 49% used [0x00000000d6700000,0x00000000d67fceb0,0x00000000d6900000)
  to   space 2048K, 0% used [0x00000000d7000000,0x00000000d7000000,0x00000000d7200000)
 ParOldGen       total 129536K, used 3229K [0x0000000081200000, 0x0000000089080000, 0x00000000d5b80000)
  object space 129536K, 2% used [0x0000000081200000,0x0000000081527650,0x0000000089080000)
 Metaspace       used 14652K, capacity 14824K, committed 15104K, reserved 1062912K
  class space    used 1881K, capacity 1952K, committed 2048K, reserved 1048576K
Event: 1.263 GC heap after
Heap after GC invocations=12 (full 0):
 PSYoungGen      total 20992K, used 1337K [0x00000000d5b80000, 0x00000000d7200000, 0x0000000100000000)
  eden space 18944K, 0% used [0x00000000d5b80000,0x00000000d5b80000,0x00000000d6e00000)
  from space 2048K, 65% used [0x00000000d7000000,0x00000000d714e508,0x00000000d7200000)
  to   space 2048K, 0% used [0x00000000d6e00000,0x00000000d6e00000,0x00000000d7000000)
 ParOldGen       total 129536K, used 3645K [0x0000000081200000, 0x0000000089080000, 0x00000000d5b80000)
  object space 129536K, 2% used [0x0000000081200000,0x000000008158f660,0x0000000089080000)
 Metaspace       used 14652K, capacity 14824K, committed 15104K, reserved 1062912K
  class space    used 1881K, capacity 1952K, committed 2048K, reserved 1048576K
}

Deoptimization events (10 events):
Event: 0.397 Thread 0x000000d0456d4800 Uncommon trap: reason=class_check action=maybe_recompile pc=0x000000d045996cc0 method=sun.misc.URLClassPath.getLoader(I)Lsun/misc/URLClassPath$Loader; @ 150
Event: 0.397 Thread 0x000000d0456d4800 Uncommon trap: reason=class_check action=maybe_recompile pc=0x000000d045996cc0 method=sun.misc.URLClassPath.getLoader(I)Lsun/misc/URLClassPath$Loader; @ 150
Event: 0.554 Thread 0x000000d0456d4800 Uncommon trap: reason=unreached action=reinterpret pc=0x000000d045a48c6c method=java.util.HashMap.hash(Ljava/lang/Object;)I @ 1
Event: 0.703 Thread 0x000000d0456d4800 Uncommon trap: reason=unloaded action=reinterpret pc=0x000000d045aacba8 method=org.quickserver.net.server.QuickServer.startServer()V @ 809
Event: 1.068 Thread 0x000000d05dab9000 Uncommon trap: reason=unreached action=reinterpret pc=0x000000d0459be570 method=java.lang.AbstractStringBuilder.append(Ljava/lang/String;)Ljava/lang/AbstractStringBuilder; @ 1
Event: 1.109 Thread 0x000000d05dab9000 Uncommon trap: reason=unreached action=reinterpret pc=0x000000d0459b2974 method=java.lang.AbstractStringBuilder.append(Ljava/lang/String;)Ljava/lang/AbstractStringBuilder; @ 1
Event: 2.010 Thread 0x000000d05d498800 Uncommon trap: reason=bimorphic action=maybe_recompile pc=0x000000d045b73c80 method=java.util.regex.Matcher.match(II)Z @ 86
Event: 2.010 Thread 0x000000d05d498800 Uncommon trap: reason=bimorphic action=maybe_recompile pc=0x000000d045b73c80 method=java.util.regex.Matcher.match(II)Z @ 86
Event: 2.010 Thread 0x000000d05d498800 Uncommon trap: reason=bimorphic action=maybe_recompile pc=0x000000d045b73c80 method=java.util.regex.Matcher.match(II)Z @ 86
Event: 2.010 Thread 0x000000d05d498800 Uncommon trap: reason=bimorphic action=maybe_recompile pc=0x000000d045b73c80 method=java.util.regex.Matcher.match(II)Z @ 86

Internal exceptions (10 events):
Event: 2.058 Thread 0x000000d05c822000 Exception <a 'java/security/PrivilegedActionException'> (0x00000000d618b6b8) thrown at [D:\re\workspace\8-2-build-windows-amd64-cygwin\jdk8u5\2488\hotspot\src\share\vm\prims\jvm.cpp, line 1248]
Event: 2.058 Thread 0x000000d05c822000 Exception <a 'java/security/PrivilegedActionException'> (0x00000000d61906a0) thrown at [D:\re\workspace\8-2-build-windows-amd64-cygwin\jdk8u5\2488\hotspot\src\share\vm\prims\jvm.cpp, line 1248]
Event: 2.059 Thread 0x000000d05c822000 Exception <a 'java/security/PrivilegedActionException'> (0x00000000d6198bd0) thrown at [D:\re\workspace\8-2-build-windows-amd64-cygwin\jdk8u5\2488\hotspot\src\share\vm\prims\jvm.cpp, line 1248]
Event: 2.059 Thread 0x000000d05c822000 Exception <a 'java/security/PrivilegedActionException'> (0x00000000d619d5b8) thrown at [D:\re\workspace\8-2-build-windows-amd64-cygwin\jdk8u5\2488\hotspot\src\share\vm\prims\jvm.cpp, line 1248]
Event: 2.060 Thread 0x000000d05c822000 Exception <a 'java/security/PrivilegedActionException'> (0x00000000d61a2e90) thrown at [D:\re\workspace\8-2-build-windows-amd64-cygwin\jdk8u5\2488\hotspot\src\share\vm\prims\jvm.cpp, line 1248]
Event: 2.060 Thread 0x000000d05c822000 Exception <a 'java/security/PrivilegedActionException'> (0x00000000d61ad368) thrown at [D:\re\workspace\8-2-build-windows-amd64-cygwin\jdk8u5\2488\hotspot\src\share\vm\prims\jvm.cpp, line 1248]
Event: 2.061 Thread 0x000000d05c822000 Exception <a 'java/security/PrivilegedActionException'> (0x00000000d61b2b28) thrown at [D:\re\workspace\8-2-build-windows-amd64-cygwin\jdk8u5\2488\hotspot\src\share\vm\prims\jvm.cpp, line 1248]
Event: 2.062 Thread 0x000000d05c822000 Exception <a 'java/security/PrivilegedActionException'> (0x00000000d61ce8f8) thrown at [D:\re\workspace\8-2-build-windows-amd64-cygwin\jdk8u5\2488\hotspot\src\share\vm\prims\jvm.cpp, line 1248]
Event: 2.064 Thread 0x000000d05c822000 Exception <a 'java/security/PrivilegedActionException'> (0x00000000d61f0e50) thrown at [D:\re\workspace\8-2-build-windows-amd64-cygwin\jdk8u5\2488\hotspot\src\share\vm\prims\jvm.cpp, line 1248]
Event: 2.064 Thread 0x000000d05c822000 Exception <a 'java/security/PrivilegedActionException'> (0x00000000d61fd308) thrown at [D:\re\workspace\8-2-build-windows-amd64-cygwin\jdk8u5\2488\hotspot\src\share\vm\prims\jvm.cpp, line 1248]

Events (10 events):
Event: 2.060 loading class tcl/lang/ProcCmd
Event: 2.060 loading class tcl/lang/ProcCmd done
Event: 2.061 loading class tcl/lang/Procedure
Event: 2.061 loading class tcl/lang/Procedure done
Event: 2.062 loading class tcl/lang/StringCmd
Event: 2.062 loading class tcl/lang/StringCmd done
Event: 2.064 loading class com/altera/tcl/interpreter/NativeTclWrapper
Event: 2.064 loading class com/altera/tcl/interpreter/NativeTclWrapper done
Event: 2.064 loading class com/altera/tcl/interpreter/NativeTclWrapper$1
Event: 2.064 loading class com/altera/tcl/interpreter/NativeTclWrapper$1 done


Dynamic libraries:
0x00007ff6a29b0000 - 0x00007ff6a29ea000 	c:\altera\14.1\quartus\sopc_builder\bin\system-console.exe
0x00007ffe974d0000 - 0x00007ffe9767c000 	C:\windows\SYSTEM32\ntdll.dll
0x00007ffe95e60000 - 0x00007ffe95f9e000 	C:\windows\system32\KERNEL32.DLL
0x00007ffe94980000 - 0x00007ffe94a95000 	C:\windows\system32\KERNELBASE.dll
0x00007ffe956d0000 - 0x00007ffe9577a000 	C:\windows\system32\ADVAPI32.dll
0x00007ffe94fd0000 - 0x00007ffe95147000 	C:\windows\system32\USER32.dll
0x00007ffe95b80000 - 0x00007ffe95c2a000 	C:\windows\system32\msvcrt.dll
0x00007ffe95d70000 - 0x00007ffe95dc9000 	C:\windows\SYSTEM32\sechost.dll
0x00007ffe95580000 - 0x00007ffe956c1000 	C:\windows\system32\RPCRT4.dll
0x00007ffe94cf0000 - 0x00007ffe94e41000 	C:\windows\system32\GDI32.dll
0x00007ffe95390000 - 0x00007ffe953c6000 	C:\windows\system32\IMM32.DLL
0x00007ffe95150000 - 0x00007ffe952a3000 	C:\windows\system32\MSCTF.dll
0x0000000075cc0000 - 0x00000000764ea000 	C:\altera\14.1\quartus\bin64\jre64\bin\server\jvm.dll
0x00007ffe8b480000 - 0x00007ffe8b489000 	C:\windows\SYSTEM32\WSOCK32.dll
0x00007ffe919f0000 - 0x00007ffe91a12000 	C:\windows\SYSTEM32\WINMM.dll
0x00007ffe95d60000 - 0x00007ffe95d67000 	C:\windows\system32\PSAPI.DLL
0x0000000051aa0000 - 0x0000000051b72000 	C:\windows\SYSTEM32\MSVCR100.dll
0x00007ffe94e50000 - 0x00007ffe94eaa000 	C:\windows\system32\WS2_32.dll
0x00007ffe91000000 - 0x00007ffe9102a000 	C:\windows\SYSTEM32\WINMMBASE.dll
0x00007ffe952b0000 - 0x00007ffe952b9000 	C:\windows\system32\NSI.dll
0x00007ffe946f0000 - 0x00007ffe9473f000 	C:\windows\SYSTEM32\cfgmgr32.dll
0x00007ffe932f0000 - 0x00007ffe93318000 	C:\windows\SYSTEM32\DEVOBJ.dll
0x00000000502c0000 - 0x00000000502cf000 	C:\altera\14.1\quartus\bin64\jre64\bin\verify.dll
0x0000000075c90000 - 0x0000000075cb8000 	C:\altera\14.1\quartus\bin64\jre64\bin\java.dll
0x0000000075c70000 - 0x0000000075c86000 	C:\altera\14.1\quartus\bin64\jre64\bin\zip.dll
0x00007ffe95fb0000 - 0x00007ffe974c8000 	C:\windows\system32\SHELL32.dll
0x00007ffe95780000 - 0x00007ffe95991000 	C:\windows\SYSTEM32\combase.dll
0x00007ffe95c30000 - 0x00007ffe95c84000 	C:\windows\system32\SHLWAPI.dll
0x00007ffe930e0000 - 0x00007ffe93192000 	C:\windows\SYSTEM32\SHCORE.dll
0x00007ffe94620000 - 0x00007ffe94635000 	C:\windows\SYSTEM32\profapi.dll
0x0000000075ad0000 - 0x0000000075c66000 	C:\altera\14.1\quartus\bin64\jre64\bin\awt.dll
0x00007ffe95c90000 - 0x00007ffe95d51000 	C:\windows\system32\OLEAUT32.dll
0x00007ffe931a0000 - 0x00007ffe9322e000 	C:\windows\system32\apphelp.dll
0x00007ffe91940000 - 0x00007ffe919e4000 	C:\windows\WinSxS\amd64_microsoft.windows.common-controls_6595b64144ccf1df_5.82.9600.17415_none_34aa3313958e7a52\COMCTL32.dll
0x00007ffe93320000 - 0x00007ffe93449000 	C:\windows\system32\uxtheme.dll
0x00007ffe92970000 - 0x00007ffe92991000 	C:\windows\system32\dwmapi.dll
0x00007ffe94b50000 - 0x00007ffe94ce4000 	C:\windows\system32\ole32.dll
0x00007ffe932e0000 - 0x00007ffe932eb000 	C:\windows\SYSTEM32\kernel.appcore.dll
0x00007ffe94560000 - 0x00007ffe9456b000 	C:\windows\SYSTEM32\CRYPTBASE.dll
0x00007ffe944f0000 - 0x00007ffe94553000 	C:\windows\SYSTEM32\bcryptPrimitives.dll
0x0000000077cf0000 - 0x0000000077d0a000 	C:\altera\14.1\quartus\bin64\jre64\bin\net.dll
0x00007ffe93f00000 - 0x00007ffe93f59000 	C:\windows\system32\mswsock.dll
0x00007ffe8e840000 - 0x00007ffe8e86a000 	C:\windows\SYSTEM32\IPHLPAPI.DLL
0x00007ffe8e820000 - 0x00007ffe8e82a000 	C:\windows\SYSTEM32\WINNSI.DLL
0x00007ffe8e680000 - 0x00007ffe8e696000 	C:\windows\SYSTEM32\dhcpcsvc6.DLL
0x00007ffe8e660000 - 0x00007ffe8e67a000 	C:\windows\SYSTEM32\dhcpcsvc.DLL
0x00007ffe7e760000 - 0x00007ffe7e766000 	C:\altera\14.1\quartus\bin64\sld_utiljni.dll
0x00007ffe59700000 - 0x00007ffe597ef000 	C:\windows\SYSTEM32\MSVCR120.dll
0x00007ffe647c0000 - 0x00007ffe647f2000 	C:\altera\14.1\quartus\bin64\jtag_client.dll
0x00007ffe57070000 - 0x00007ffe57116000 	C:\windows\SYSTEM32\MSVCP120.dll
0x00007ffe77380000 - 0x00007ffe77389000 	C:\altera\14.1\quartus\bin64\jtag_atlantic.dll
0x00007ffe737a0000 - 0x00007ffe737b8000 	C:\altera\14.1\quartus\bin64\pgm_gdb.dll
0x00007ffe76c80000 - 0x00007ffe76c8f000 	C:\altera\14.1\quartus\bin64\sld_jtagjni.dll
0x00007ffe85c40000 - 0x00007ffe85c55000 	C:\windows\system32\napinsp.dll
0x00007ffe85c20000 - 0x00007ffe85c3a000 	C:\windows\system32\pnrpnsp.dll
0x00007ffe900e0000 - 0x00007ffe900fb000 	C:\windows\system32\NLAapi.dll
0x00007ffe93d00000 - 0x00007ffe93da4000 	C:\windows\SYSTEM32\DNSAPI.dll
0x00007ffe85c10000 - 0x00007ffe85c1d000 	C:\windows\System32\winrnr.dll
0x00007ffe85bf0000 - 0x00007ffe85c04000 	C:\windows\system32\wshbth.dll
0x00000000505a0000 - 0x00000000505c6000 	C:\Program Files\Bonjour\mdnsNSP.dll
0x00007ffe8e260000 - 0x00007ffe8e26a000 	C:\Windows\System32\rasadhlp.dll
0x00007ffe8e6b0000 - 0x00007ffe8e71b000 	C:\windows\System32\fwpuclnt.dll
0x0000000077ae0000 - 0x0000000077b27000 	C:\altera\14.1\quartus\bin64\jre64\bin\fontmanager.dll
0x0000000076510000 - 0x0000000076521000 	C:\altera\14.1\quartus\bin64\jre64\bin\nio.dll
0x00007ffe75ea0000 - 0x00007ffe75ea8000 	C:\altera\14.1\quartus\bin64\sld_usbjni.dll
0x00007ffe959a0000 - 0x00007ffe95b7a000 	C:\windows\system32\SETUPAPI.dll
0x00007ffe94740000 - 0x00007ffe94791000 	C:\windows\system32\WINTRUST.dll
0x00007ffe947a0000 - 0x00007ffe9497f000 	C:\windows\system32\CRYPT32.dll
0x00007ffe946d0000 - 0x00007ffe946e1000 	C:\windows\system32\MSASN1.dll
0x0000000050100000 - 0x0000000050287000 	C:\altera\14.1\quartus\bin64\tcl86.dll
0x00007ffe90140000 - 0x00007ffe90156000 	C:\windows\SYSTEM32\NETAPI32.dll
0x00007ffe93860000 - 0x00007ffe9386c000 	C:\windows\SYSTEM32\netutils.dll
0x00007ffe94200000 - 0x00007ffe94226000 	C:\windows\SYSTEM32\srvcli.dll
0x00007ffe90100000 - 0x00007ffe90117000 	C:\windows\SYSTEM32\wkscli.dll
0x00007ffe8a8a0000 - 0x00007ffe8a8b7000 	C:\windows\SYSTEM32\SAMCLI.DLL
0x00007ffe93cc0000 - 0x00007ffe93cff000 	C:\windows\SYSTEM32\LOGONCLI.DLL
0x00007ffe74710000 - 0x00007ffe74719000 	C:\altera\14.1\quartus\bin64\tcl_jni_bridge.dll
0x00007ffe820d0000 - 0x00007ffe8225a000 	C:\windows\SYSTEM32\dbghelp.dll

VM Arguments:
java_command: <unknown>
java_class_path (initial): C:/altera/14.1/quartus/sopc_builder/model/lib\Nlview.jar;C:/altera/14.1/quartus/sopc_builder/model/lib\QuickServer.jar;C:/altera/14.1/quartus/sopc_builder/model/lib\TableLayout.jar;C:/altera/14.1/quartus/sopc_builder/model/lib\appframework-1.03.jar;C:/altera/14.1/quartus/sopc_builder/model/lib\asm-3.1.jar;C:/altera/14.1/quartus/sopc_builder/model/lib\asm-commons-3.1.jar;C:/altera/14.1/quartus/sopc_builder/model/lib\basicmodel.jar;C:/altera/14.1/quartus/sopc_builder/model/lib\beansbinding-1.2.1.jar;C:/altera/14.1/quartus/sopc_builder/model/lib\binding-2.0.6.jar;C:/altera/14.1/quartus/sopc_builder/model/lib\com.altera.componenteditor2.jar;C:/altera/14.1/quartus/sopc_builder/model/lib\com.altera.embeddedsw.app_lib.jar;C:/altera/14.1/quartus/sopc_builder/model/lib\com.altera.embeddedsw.bsp.editor.jar;C:/altera/14.1/quartus/sopc_builder/model/lib\com.altera.embeddedsw.bsp.elements.jar;C:/altera/14.1/quartus/sopc_builder/model/lib\com.altera.embeddedsw.bsp.jar;C:/altera/14.1/quartus/sopc_builder/model/lib\com.altera.embeddedsw.bsp.plugin.core.jar;C:/altera/14.1/quartus/sopc_builder/model/lib\com.altera.embeddedsw.bsp.plugin.hal.jar;C:/altera/14.1/quartus/sopc_builder/model/lib\com.altera.embeddedsw.bsp.plugin.lwhal.jar;C:/altera/14.1/quartus/sopc_builder/model/lib\com.altera.embeddedsw.bsp.schema.jar;C:/altera/14.1/quartus/sopc_builder/model/lib\com.altera.embeddedsw.bsp.scripting.jar;C:/altera/14.1/quartus/sopc_builder/model/lib\com.altera.embeddedsw.commandline.jar;C:/altera/14.1/quartus/sopc_builder/model/lib\com.altera.embeddedsw.cpexample.jar;C:/altera/14.1/quartus/sopc_builder/model/lib\com.altera.embeddedsw.flash.jar;C:/altera/14.1/quartus/sopc_builder/model/lib\com.altera.embeddedsw.launch.jar;C:/altera/14.1/quartus/sopc_builder/model/lib\com.altera.embeddedsw.swinfo.jar;C:/altera/14.1/quartus/sopc_builder/model/lib\com.altera.embeddedsw.utilities.jar;C:/altera/14.1/quartus/sopc_builder/model/lib\com.altera.entityinterfaces.jar;C:/alte
Launcher Type: generic

Environment Variables:
PATH=C:/altera/14.1/quartus/bin64;C:/altera/14.1/quartus/sopc_builder/model/lib;c:\altera\14.1\quartus\bin64\;c:\altera\14.1\quartus\bin64\;C:\Program Files (x86)\NVIDIA Corporation\PhysX\Common;C:\Program Files (x86)\Intel\iCLS Client\;C:\Program Files\Intel\iCLS Client\;C:\windows\system32;C:\windows;C:\windows\System32\Wbem;C:\windows\System32\WindowsPowerShell\v1.0\;C:\Program Files\Intel\WiFi\bin\;C:\Program Files\Common Files\Intel\WirelessCommon\;C:\Program Files (x86)\Windows Kits\8.1\Windows Performance Toolkit\;C:\Program Files\Microsoft SQL Server\110\Tools\Binn\;C:\OrCAD\OrCAD_16.6_Lite\tools\bin;C:\OrCAD\OrCAD_16.6_Lite\tools\specctra\bin;C:\OrCAD\OrCAD_16.6_Lite\tools\PSpice;C:\OrCAD\OrCAD_16.6_Lite\tools\Capture;C:\OrCAD\OrCAD_16.6_Lite\tools\fet\bin;C:\OrCAD\OrCAD_16.6_Lite\tools\pcb\bin;C:\OrCAD\OrCAD_16.6_Lite\OpenAccess\bin\win32\opt;C:\altera\14.1\modelsim_ase\win32aloem
USERNAME=Padraic
OS=Windows_NT
PROCESSOR_IDENTIFIER=Intel64 Family 6 Model 60 Stepping 3, GenuineIntel



---------------  S Y S T E M  ---------------

OS: Windows 8 , 64 bit Build 9200 

CPU:total 8 (4 cores per cpu, 2 threads per core) family 6 model 60 stepping 3, cmov, cx8, fxsr, mmx, sse, sse2, sse3, ssse3, sse4.1, sse4.2, popcnt, avx, avx2, aes, clmul, erms, ht, tsc, tscinvbit

Memory: 4k page, physical 8311064k(4486348k free), swap 16699672k(11006360k free)

vm_info: Java HotSpot(TM) 64-Bit Server VM (25.5-b02) for windows-amd64 JRE (1.8.0_05-b13), built on Mar 18 2014 01:08:39 by "java_re" with MS VC++ 10.0 (VS2010)

time: Sat Mar 07 18:36:49 2015
elapsed time: 2 seconds

